::1 - - [04/Apr/2020:22:47:00 +0700] "GET /hien_thi_thoi_gian HTTP/1.1" 404 1150 "-" "Mozilla/5.0 (Windows NT 10.0; WOW64) AppleWebKit/537.36 (KHTML, like Gecko) coc_coc_browser/85.0.134 Chrome/79.0.3945.134 Safari/537.36"
::1 - - [04/Apr/2020:22:47:00 +0700] "GET /favicon.ico HTTP/1.1" 200 30894 "http://localhost/hien_thi_thoi_gian" "Mozilla/5.0 (Windows NT 10.0; WOW64) AppleWebKit/537.36 (KHTML, like Gecko) coc_coc_browser/85.0.134 Chrome/79.0.3945.134 Safari/537.36"
::1 - - [04/Apr/2020:22:47:21 +0700] "GET /Thuc_hanh_week1 HTTP/1.1" 301 341 "-" "Mozilla/5.0 (Windows NT 10.0; WOW64) AppleWebKit/537.36 (KHTML, like Gecko) coc_coc_browser/85.0.134 Chrome/79.0.3945.134 Safari/537.36"
::1 - - [04/Apr/2020:22:47:21 +0700] "GET /Thuc_hanh_week1/ HTTP/1.1" 200 1010 "-" "Mozilla/5.0 (Windows NT 10.0; WOW64) AppleWebKit/537.36 (KHTML, like Gecko) coc_coc_browser/85.0.134 Chrome/79.0.3945.134 Safari/537.36"
::1 - - [04/Apr/2020:22:47:21 +0700] "GET /icons/back.gif HTTP/1.1" 200 216 "http://localhost/Thuc_hanh_week1/" "Mozilla/5.0 (Windows NT 10.0; WOW64) AppleWebKit/537.36 (KHTML, like Gecko) coc_coc_browser/85.0.134 Chrome/79.0.3945.134 Safari/537.36"
::1 - - [04/Apr/2020:22:47:21 +0700] "GET /icons/blank.gif HTTP/1.1" 200 148 "http://localhost/Thuc_hanh_week1/" "Mozilla/5.0 (Windows NT 10.0; WOW64) AppleWebKit/537.36 (KHTML, like Gecko) coc_coc_browser/85.0.134 Chrome/79.0.3945.134 Safari/537.36"
::1 - - [04/Apr/2020:22:47:21 +0700] "GET /icons/folder.gif HTTP/1.1" 200 225 "http://localhost/Thuc_hanh_week1/" "Mozilla/5.0 (Windows NT 10.0; WOW64) AppleWebKit/537.36 (KHTML, like Gecko) coc_coc_browser/85.0.134 Chrome/79.0.3945.134 Safari/537.36"
::1 - - [04/Apr/2020:22:47:30 +0700] "GET /Thuc_hanh_week1/Hien_thi_thoi_gian/ HTTP/1.1" 200 337 "http://localhost/Thuc_hanh_week1/" "Mozilla/5.0 (Windows NT 10.0; WOW64) AppleWebKit/537.36 (KHTML, like Gecko) coc_coc_browser/85.0.134 Chrome/79.0.3945.134 Safari/537.36"
::1 - - [04/Apr/2020:22:50:01 +0700] "GET /server_time HTTP/1.1" 404 1150 "-" "Mozilla/5.0 (Windows NT 10.0; WOW64) AppleWebKit/537.36 (KHTML, like Gecko) coc_coc_browser/85.0.134 Chrome/79.0.3945.134 Safari/537.36"
::1 - - [04/Apr/2020:22:50:18 +0700] "GET /sever_time HTTP/1.1" 301 336 "-" "Mozilla/5.0 (Windows NT 10.0; WOW64) AppleWebKit/537.36 (KHTML, like Gecko) coc_coc_browser/85.0.134 Chrome/79.0.3945.134 Safari/537.36"
::1 - - [04/Apr/2020:22:50:18 +0700] "GET /sever_time/ HTTP/1.1" 200 335 "-" "Mozilla/5.0 (Windows NT 10.0; WOW64) AppleWebKit/537.36 (KHTML, like Gecko) coc_coc_browser/85.0.134 Chrome/79.0.3945.134 Safari/537.36"
::1 - - [04/Apr/2020:22:51:07 +0700] "GET /sever_time/ HTTP/1.1" 200 344 "-" "Mozilla/5.0 (Windows NT 10.0; WOW64) AppleWebKit/537.36 (KHTML, like Gecko) coc_coc_browser/85.0.134 Chrome/79.0.3945.134 Safari/537.36"
::1 - - [04/Apr/2020:22:51:07 +0700] "GET /favicon.ico HTTP/1.1" 200 30894 "http://localhost/sever_time/" "Mozilla/5.0 (Windows NT 10.0; WOW64) AppleWebKit/537.36 (KHTML, like Gecko) coc_coc_browser/85.0.134 Chrome/79.0.3945.134 Safari/537.36"
::1 - - [04/Apr/2020:22:53:35 +0700] "GET /sever_time/ HTTP/1.1" 200 400 "-" "Mozilla/5.0 (Windows NT 10.0; WOW64) AppleWebKit/537.36 (KHTML, like Gecko) coc_coc_browser/85.0.134 Chrome/79.0.3945.134 Safari/537.36"
::1 - - [04/Apr/2020:22:53:35 +0700] "GET /favicon.ico HTTP/1.1" 200 30894 "http://localhost/sever_time/" "Mozilla/5.0 (Windows NT 10.0; WOW64) AppleWebKit/537.36 (KHTML, like Gecko) coc_coc_browser/85.0.134 Chrome/79.0.3945.134 Safari/537.36"
::1 - - [04/Apr/2020:22:53:40 +0700] "GET /sever_time/ HTTP/1.1" 200 400 "-" "Mozilla/5.0 (Windows NT 10.0; WOW64) AppleWebKit/537.36 (KHTML, like Gecko) coc_coc_browser/85.0.134 Chrome/79.0.3945.134 Safari/537.36"
::1 - - [04/Apr/2020:22:53:40 +0700] "GET /favicon.ico HTTP/1.1" 200 30894 "http://localhost/sever_time/" "Mozilla/5.0 (Windows NT 10.0; WOW64) AppleWebKit/537.36 (KHTML, like Gecko) coc_coc_browser/85.0.134 Chrome/79.0.3945.134 Safari/537.36"
::1 - - [04/Apr/2020:22:53:52 +0700] "GET /sever_time/ HTTP/1.1" 200 400 "-" "Mozilla/5.0 (Windows NT 10.0; WOW64) AppleWebKit/537.36 (KHTML, like Gecko) coc_coc_browser/85.0.134 Chrome/79.0.3945.134 Safari/537.36"
::1 - - [04/Apr/2020:22:53:52 +0700] "GET /favicon.ico HTTP/1.1" 200 30894 "http://localhost/sever_time/" "Mozilla/5.0 (Windows NT 10.0; WOW64) AppleWebKit/537.36 (KHTML, like Gecko) coc_coc_browser/85.0.134 Chrome/79.0.3945.134 Safari/537.36"
::1 - - [04/Apr/2020:22:55:20 +0700] "GET /sever_time/ HTTP/1.1" 200 400 "-" "Mozilla/5.0 (Windows NT 10.0; WOW64) AppleWebKit/537.36 (KHTML, like Gecko) coc_coc_browser/85.0.134 Chrome/79.0.3945.134 Safari/537.36"
::1 - - [04/Apr/2020:22:55:20 +0700] "GET /favicon.ico HTTP/1.1" 200 30894 "http://localhost/sever_time/" "Mozilla/5.0 (Windows NT 10.0; WOW64) AppleWebKit/537.36 (KHTML, like Gecko) coc_coc_browser/85.0.134 Chrome/79.0.3945.134 Safari/537.36"
::1 - - [04/Apr/2020:22:55:31 +0700] "GET /sever_time/ HTTP/1.1" 200 400 "-" "Mozilla/5.0 (Windows NT 10.0; WOW64) AppleWebKit/537.36 (KHTML, like Gecko) coc_coc_browser/85.0.134 Chrome/79.0.3945.134 Safari/537.36"
::1 - - [04/Apr/2020:22:56:31 +0700] "GET /thuc_hanh_week1/sever_time HTTP/1.1" 301 352 "-" "Mozilla/5.0 (Windows NT 10.0; WOW64) AppleWebKit/537.36 (KHTML, like Gecko) coc_coc_browser/85.0.134 Chrome/79.0.3945.134 Safari/537.36"
::1 - - [04/Apr/2020:22:56:31 +0700] "GET /thuc_hanh_week1/sever_time/ HTTP/1.1" 200 400 "-" "Mozilla/5.0 (Windows NT 10.0; WOW64) AppleWebKit/537.36 (KHTML, like Gecko) coc_coc_browser/85.0.134 Chrome/79.0.3945.134 Safari/537.36"
::1 - - [04/Apr/2020:22:56:34 +0700] "GET /thuc_hanh_week1/sever_time/ HTTP/1.1" 200 400 "-" "Mozilla/5.0 (Windows NT 10.0; WOW64) AppleWebKit/537.36 (KHTML, like Gecko) coc_coc_browser/85.0.134 Chrome/79.0.3945.134 Safari/537.36"
::1 - - [04/Apr/2020:22:56:34 +0700] "GET /favicon.ico HTTP/1.1" 200 30894 "http://localhost/thuc_hanh_week1/sever_time/" "Mozilla/5.0 (Windows NT 10.0; WOW64) AppleWebKit/537.36 (KHTML, like Gecko) coc_coc_browser/85.0.134 Chrome/79.0.3945.134 Safari/537.36"
::1 - - [04/Apr/2020:22:56:34 +0700] "GET /thuc_hanh_week1/sever_time/ HTTP/1.1" 200 400 "-" "Mozilla/5.0 (Windows NT 10.0; WOW64) AppleWebKit/537.36 (KHTML, like Gecko) coc_coc_browser/85.0.134 Chrome/79.0.3945.134 Safari/537.36"
::1 - - [04/Apr/2020:22:56:34 +0700] "GET /favicon.ico HTTP/1.1" 200 30894 "http://localhost/thuc_hanh_week1/sever_time/" "Mozilla/5.0 (Windows NT 10.0; WOW64) AppleWebKit/537.36 (KHTML, like Gecko) coc_coc_browser/85.0.134 Chrome/79.0.3945.134 Safari/537.36"
::1 - - [04/Apr/2020:22:56:34 +0700] "GET /thuc_hanh_week1/sever_time/ HTTP/1.1" 200 400 "-" "Mozilla/5.0 (Windows NT 10.0; WOW64) AppleWebKit/537.36 (KHTML, like Gecko) coc_coc_browser/85.0.134 Chrome/79.0.3945.134 Safari/537.36"
::1 - - [04/Apr/2020:22:56:34 +0700] "GET /favicon.ico HTTP/1.1" 200 30894 "http://localhost/thuc_hanh_week1/sever_time/" "Mozilla/5.0 (Windows NT 10.0; WOW64) AppleWebKit/537.36 (KHTML, like Gecko) coc_coc_browser/85.0.134 Chrome/79.0.3945.134 Safari/537.36"
::1 - - [04/Apr/2020:23:09:24 +0700] "GET /thuc_hanh_week1/login HTTP/1.1" 301 347 "-" "Mozilla/5.0 (Windows NT 10.0; WOW64) AppleWebKit/537.36 (KHTML, like Gecko) coc_coc_browser/85.0.134 Chrome/79.0.3945.134 Safari/537.36"
::1 - - [04/Apr/2020:23:09:24 +0700] "GET /thuc_hanh_week1/login/ HTTP/1.1" 200 939 "-" "Mozilla/5.0 (Windows NT 10.0; WOW64) AppleWebKit/537.36 (KHTML, like Gecko) coc_coc_browser/85.0.134 Chrome/79.0.3945.134 Safari/537.36"
::1 - - [04/Apr/2020:23:09:34 +0700] "POST /thuc_hanh_week1/login/ HTTP/1.1" 200 991 "http://localhost/thuc_hanh_week1/login/" "Mozilla/5.0 (Windows NT 10.0; WOW64) AppleWebKit/537.36 (KHTML, like Gecko) coc_coc_browser/85.0.134 Chrome/79.0.3945.134 Safari/537.36"
::1 - - [04/Apr/2020:23:09:40 +0700] "POST /thuc_hanh_week1/login/ HTTP/1.1" 200 1005 "http://localhost/thuc_hanh_week1/login/" "Mozilla/5.0 (Windows NT 10.0; WOW64) AppleWebKit/537.36 (KHTML, like Gecko) coc_coc_browser/85.0.134 Chrome/79.0.3945.134 Safari/537.36"
::1 - - [04/Apr/2020:23:09:56 +0700] "GET /sever_time/ HTTP/1.1" 404 1150 "-" "Mozilla/5.0 (Windows NT 10.0; WOW64) AppleWebKit/537.36 (KHTML, like Gecko) coc_coc_browser/85.0.134 Chrome/79.0.3945.134 Safari/537.36"
::1 - - [04/Apr/2020:23:11:39 +0700] "GET /thuc_hanh_week1/login/ HTTP/1.1" 200 939 "-" "Mozilla/5.0 (Windows NT 10.0; WOW64) AppleWebKit/537.36 (KHTML, like Gecko) coc_coc_browser/85.0.134 Chrome/79.0.3945.134 Safari/537.36"
::1 - - [04/Apr/2020:23:32:15 +0700] "GET /thuc_hanh_week1/list_of_customers HTTP/1.1" 301 359 "-" "Mozilla/5.0 (Windows NT 10.0; WOW64) AppleWebKit/537.36 (KHTML, like Gecko) coc_coc_browser/85.0.134 Chrome/79.0.3945.134 Safari/537.36"
::1 - - [04/Apr/2020:23:32:15 +0700] "GET /thuc_hanh_week1/list_of_customers/ HTTP/1.1" 200 1606 "-" "Mozilla/5.0 (Windows NT 10.0; WOW64) AppleWebKit/537.36 (KHTML, like Gecko) coc_coc_browser/85.0.134 Chrome/79.0.3945.134 Safari/537.36"
::1 - - [04/Apr/2020:23:32:16 +0700] "GET /thuc_hanh_week1/list_of_customers/pictures/cat1.jpg HTTP/1.1" 404 1370 "http://localhost/thuc_hanh_week1/list_of_customers/" "Mozilla/5.0 (Windows NT 10.0; WOW64) AppleWebKit/537.36 (KHTML, like Gecko) coc_coc_browser/85.0.134 Chrome/79.0.3945.134 Safari/537.36"
::1 - - [04/Apr/2020:23:32:16 +0700] "GET /thuc_hanh_week1/list_of_customers/pictures/cat2.jpg HTTP/1.1" 404 1370 "http://localhost/thuc_hanh_week1/list_of_customers/" "Mozilla/5.0 (Windows NT 10.0; WOW64) AppleWebKit/537.36 (KHTML, like Gecko) coc_coc_browser/85.0.134 Chrome/79.0.3945.134 Safari/537.36"
::1 - - [04/Apr/2020:23:32:16 +0700] "GET /thuc_hanh_week1/list_of_customers/pictures/cat3.jpg HTTP/1.1" 404 1370 "http://localhost/thuc_hanh_week1/list_of_customers/" "Mozilla/5.0 (Windows NT 10.0; WOW64) AppleWebKit/537.36 (KHTML, like Gecko) coc_coc_browser/85.0.134 Chrome/79.0.3945.134 Safari/537.36"
::1 - - [04/Apr/2020:23:32:16 +0700] "GET /thuc_hanh_week1/list_of_customers/pictures/cat5.jpg HTTP/1.1" 404 1370 "http://localhost/thuc_hanh_week1/list_of_customers/" "Mozilla/5.0 (Windows NT 10.0; WOW64) AppleWebKit/537.36 (KHTML, like Gecko) coc_coc_browser/85.0.134 Chrome/79.0.3945.134 Safari/537.36"
::1 - - [04/Apr/2020:23:32:16 +0700] "GET /thuc_hanh_week1/list_of_customers/pictures/cat4.jpg HTTP/1.1" 404 1370 "http://localhost/thuc_hanh_week1/list_of_customers/" "Mozilla/5.0 (Windows NT 10.0; WOW64) AppleWebKit/537.36 (KHTML, like Gecko) coc_coc_browser/85.0.134 Chrome/79.0.3945.134 Safari/537.36"
::1 - - [04/Apr/2020:23:33:06 +0700] "GET /thuc_hanh_week1/list_of_customers/ HTTP/1.1" 200 1616 "-" "Mozilla/5.0 (Windows NT 10.0; WOW64) AppleWebKit/537.36 (KHTML, like Gecko) coc_coc_browser/85.0.134 Chrome/79.0.3945.134 Safari/537.36"
::1 - - [04/Apr/2020:23:33:06 +0700] "GET /thuc_hanh_week1/list_of_customers/..pictures/cat1.jpg HTTP/1.1" 404 1370 "http://localhost/thuc_hanh_week1/list_of_customers/" "Mozilla/5.0 (Windows NT 10.0; WOW64) AppleWebKit/537.36 (KHTML, like Gecko) coc_coc_browser/85.0.134 Chrome/79.0.3945.134 Safari/537.36"
::1 - - [04/Apr/2020:23:33:06 +0700] "GET /thuc_hanh_week1/list_of_customers/..pictures/cat2.jpg HTTP/1.1" 404 1370 "http://localhost/thuc_hanh_week1/list_of_customers/" "Mozilla/5.0 (Windows NT 10.0; WOW64) AppleWebKit/537.36 (KHTML, like Gecko) coc_coc_browser/85.0.134 Chrome/79.0.3945.134 Safari/537.36"
::1 - - [04/Apr/2020:23:33:06 +0700] "GET /thuc_hanh_week1/list_of_customers/..pictures/cat3.jpg HTTP/1.1" 404 1370 "http://localhost/thuc_hanh_week1/list_of_customers/" "Mozilla/5.0 (Windows NT 10.0; WOW64) AppleWebKit/537.36 (KHTML, like Gecko) coc_coc_browser/85.0.134 Chrome/79.0.3945.134 Safari/537.36"
::1 - - [04/Apr/2020:23:33:06 +0700] "GET /thuc_hanh_week1/list_of_customers/..pictures/cat5.jpg HTTP/1.1" 404 1370 "http://localhost/thuc_hanh_week1/list_of_customers/" "Mozilla/5.0 (Windows NT 10.0; WOW64) AppleWebKit/537.36 (KHTML, like Gecko) coc_coc_browser/85.0.134 Chrome/79.0.3945.134 Safari/537.36"
::1 - - [04/Apr/2020:23:33:06 +0700] "GET /thuc_hanh_week1/list_of_customers/..pictures/cat4.jpg HTTP/1.1" 404 1370 "http://localhost/thuc_hanh_week1/list_of_customers/" "Mozilla/5.0 (Windows NT 10.0; WOW64) AppleWebKit/537.36 (KHTML, like Gecko) coc_coc_browser/85.0.134 Chrome/79.0.3945.134 Safari/537.36"
::1 - - [04/Apr/2020:23:33:06 +0700] "GET /favicon.ico HTTP/1.1" 200 30894 "http://localhost/thuc_hanh_week1/list_of_customers/" "Mozilla/5.0 (Windows NT 10.0; WOW64) AppleWebKit/537.36 (KHTML, like Gecko) coc_coc_browser/85.0.134 Chrome/79.0.3945.134 Safari/537.36"
::1 - - [04/Apr/2020:23:33:06 +0700] "GET /thuc_hanh_week1/list_of_customers/ HTTP/1.1" 200 1616 "-" "Mozilla/5.0 (Windows NT 10.0; WOW64) AppleWebKit/537.36 (KHTML, like Gecko) coc_coc_browser/85.0.134 Chrome/79.0.3945.134 Safari/537.36"
::1 - - [04/Apr/2020:23:33:06 +0700] "GET /thuc_hanh_week1/list_of_customers/..pictures/cat5.jpg HTTP/1.1" 404 1370 "http://localhost/thuc_hanh_week1/list_of_customers/" "Mozilla/5.0 (Windows NT 10.0; WOW64) AppleWebKit/537.36 (KHTML, like Gecko) coc_coc_browser/85.0.134 Chrome/79.0.3945.134 Safari/537.36"
::1 - - [04/Apr/2020:23:33:06 +0700] "GET /thuc_hanh_week1/list_of_customers/..pictures/cat2.jpg HTTP/1.1" 404 1370 "http://localhost/thuc_hanh_week1/list_of_customers/" "Mozilla/5.0 (Windows NT 10.0; WOW64) AppleWebKit/537.36 (KHTML, like Gecko) coc_coc_browser/85.0.134 Chrome/79.0.3945.134 Safari/537.36"
::1 - - [04/Apr/2020:23:33:06 +0700] "GET /thuc_hanh_week1/list_of_customers/..pictures/cat1.jpg HTTP/1.1" 404 1370 "http://localhost/thuc_hanh_week1/list_of_customers/" "Mozilla/5.0 (Windows NT 10.0; WOW64) AppleWebKit/537.36 (KHTML, like Gecko) coc_coc_browser/85.0.134 Chrome/79.0.3945.134 Safari/537.36"
::1 - - [04/Apr/2020:23:33:06 +0700] "GET /thuc_hanh_week1/list_of_customers/..pictures/cat3.jpg HTTP/1.1" 404 1370 "http://localhost/thuc_hanh_week1/list_of_customers/" "Mozilla/5.0 (Windows NT 10.0; WOW64) AppleWebKit/537.36 (KHTML, like Gecko) coc_coc_browser/85.0.134 Chrome/79.0.3945.134 Safari/537.36"
::1 - - [04/Apr/2020:23:33:06 +0700] "GET /thuc_hanh_week1/list_of_customers/..pictures/cat4.jpg HTTP/1.1" 404 1370 "http://localhost/thuc_hanh_week1/list_of_customers/" "Mozilla/5.0 (Windows NT 10.0; WOW64) AppleWebKit/537.36 (KHTML, like Gecko) coc_coc_browser/85.0.134 Chrome/79.0.3945.134 Safari/537.36"
::1 - - [04/Apr/2020:23:33:07 +0700] "GET /favicon.ico HTTP/1.1" 200 30894 "http://localhost/thuc_hanh_week1/list_of_customers/" "Mozilla/5.0 (Windows NT 10.0; WOW64) AppleWebKit/537.36 (KHTML, like Gecko) coc_coc_browser/85.0.134 Chrome/79.0.3945.134 Safari/537.36"
::1 - - [04/Apr/2020:23:33:07 +0700] "GET /thuc_hanh_week1/list_of_customers/ HTTP/1.1" 200 1616 "-" "Mozilla/5.0 (Windows NT 10.0; WOW64) AppleWebKit/537.36 (KHTML, like Gecko) coc_coc_browser/85.0.134 Chrome/79.0.3945.134 Safari/537.36"
::1 - - [04/Apr/2020:23:33:07 +0700] "GET /thuc_hanh_week1/list_of_customers/..pictures/cat1.jpg HTTP/1.1" 404 1370 "http://localhost/thuc_hanh_week1/list_of_customers/" "Mozilla/5.0 (Windows NT 10.0; WOW64) AppleWebKit/537.36 (KHTML, like Gecko) coc_coc_browser/85.0.134 Chrome/79.0.3945.134 Safari/537.36"
::1 - - [04/Apr/2020:23:33:07 +0700] "GET /thuc_hanh_week1/list_of_customers/..pictures/cat2.jpg HTTP/1.1" 404 1370 "http://localhost/thuc_hanh_week1/list_of_customers/" "Mozilla/5.0 (Windows NT 10.0; WOW64) AppleWebKit/537.36 (KHTML, like Gecko) coc_coc_browser/85.0.134 Chrome/79.0.3945.134 Safari/537.36"
::1 - - [04/Apr/2020:23:33:07 +0700] "GET /thuc_hanh_week1/list_of_customers/..pictures/cat4.jpg HTTP/1.1" 404 1370 "http://localhost/thuc_hanh_week1/list_of_customers/" "Mozilla/5.0 (Windows NT 10.0; WOW64) AppleWebKit/537.36 (KHTML, like Gecko) coc_coc_browser/85.0.134 Chrome/79.0.3945.134 Safari/537.36"
::1 - - [04/Apr/2020:23:33:07 +0700] "GET /thuc_hanh_week1/list_of_customers/..pictures/cat5.jpg HTTP/1.1" 404 1370 "http://localhost/thuc_hanh_week1/list_of_customers/" "Mozilla/5.0 (Windows NT 10.0; WOW64) AppleWebKit/537.36 (KHTML, like Gecko) coc_coc_browser/85.0.134 Chrome/79.0.3945.134 Safari/537.36"
::1 - - [04/Apr/2020:23:33:07 +0700] "GET /thuc_hanh_week1/list_of_customers/..pictures/cat3.jpg HTTP/1.1" 404 1370 "http://localhost/thuc_hanh_week1/list_of_customers/" "Mozilla/5.0 (Windows NT 10.0; WOW64) AppleWebKit/537.36 (KHTML, like Gecko) coc_coc_browser/85.0.134 Chrome/79.0.3945.134 Safari/537.36"
::1 - - [04/Apr/2020:23:33:07 +0700] "GET /favicon.ico HTTP/1.1" 200 30894 "http://localhost/thuc_hanh_week1/list_of_customers/" "Mozilla/5.0 (Windows NT 10.0; WOW64) AppleWebKit/537.36 (KHTML, like Gecko) coc_coc_browser/85.0.134 Chrome/79.0.3945.134 Safari/537.36"
::1 - - [04/Apr/2020:23:33:07 +0700] "GET /thuc_hanh_week1/list_of_customers/ HTTP/1.1" 200 1616 "-" "Mozilla/5.0 (Windows NT 10.0; WOW64) AppleWebKit/537.36 (KHTML, like Gecko) coc_coc_browser/85.0.134 Chrome/79.0.3945.134 Safari/537.36"
::1 - - [04/Apr/2020:23:33:07 +0700] "GET /thuc_hanh_week1/list_of_customers/..pictures/cat1.jpg HTTP/1.1" 404 1370 "http://localhost/thuc_hanh_week1/list_of_customers/" "Mozilla/5.0 (Windows NT 10.0; WOW64) AppleWebKit/537.36 (KHTML, like Gecko) coc_coc_browser/85.0.134 Chrome/79.0.3945.134 Safari/537.36"
::1 - - [04/Apr/2020:23:33:07 +0700] "GET /thuc_hanh_week1/list_of_customers/..pictures/cat2.jpg HTTP/1.1" 404 1370 "http://localhost/thuc_hanh_week1/list_of_customers/" "Mozilla/5.0 (Windows NT 10.0; WOW64) AppleWebKit/537.36 (KHTML, like Gecko) coc_coc_browser/85.0.134 Chrome/79.0.3945.134 Safari/537.36"
::1 - - [04/Apr/2020:23:33:07 +0700] "GET /thuc_hanh_week1/list_of_customers/..pictures/cat3.jpg HTTP/1.1" 404 1370 "http://localhost/thuc_hanh_week1/list_of_customers/" "Mozilla/5.0 (Windows NT 10.0; WOW64) AppleWebKit/537.36 (KHTML, like Gecko) coc_coc_browser/85.0.134 Chrome/79.0.3945.134 Safari/537.36"
::1 - - [04/Apr/2020:23:33:07 +0700] "GET /thuc_hanh_week1/list_of_customers/..pictures/cat5.jpg HTTP/1.1" 404 1370 "http://localhost/thuc_hanh_week1/list_of_customers/" "Mozilla/5.0 (Windows NT 10.0; WOW64) AppleWebKit/537.36 (KHTML, like Gecko) coc_coc_browser/85.0.134 Chrome/79.0.3945.134 Safari/537.36"
::1 - - [04/Apr/2020:23:33:07 +0700] "GET /thuc_hanh_week1/list_of_customers/..pictures/cat4.jpg HTTP/1.1" 404 1370 "http://localhost/thuc_hanh_week1/list_of_customers/" "Mozilla/5.0 (Windows NT 10.0; WOW64) AppleWebKit/537.36 (KHTML, like Gecko) coc_coc_browser/85.0.134 Chrome/79.0.3945.134 Safari/537.36"
::1 - - [04/Apr/2020:23:33:07 +0700] "GET /favicon.ico HTTP/1.1" 200 30894 "http://localhost/thuc_hanh_week1/list_of_customers/" "Mozilla/5.0 (Windows NT 10.0; WOW64) AppleWebKit/537.36 (KHTML, like Gecko) coc_coc_browser/85.0.134 Chrome/79.0.3945.134 Safari/537.36"
::1 - - [04/Apr/2020:23:35:30 +0700] "GET /thuc_hanh_week1/list_of_customers/ HTTP/1.1" 200 1606 "-" "Mozilla/5.0 (Windows NT 10.0; WOW64) AppleWebKit/537.36 (KHTML, like Gecko) coc_coc_browser/85.0.134 Chrome/79.0.3945.134 Safari/537.36"
::1 - - [04/Apr/2020:23:35:30 +0700] "GET /thuc_hanh_week1/list_of_customers/pictures/cat1.jpg HTTP/1.1" 200 66809 "http://localhost/thuc_hanh_week1/list_of_customers/" "Mozilla/5.0 (Windows NT 10.0; WOW64) AppleWebKit/537.36 (KHTML, like Gecko) coc_coc_browser/85.0.134 Chrome/79.0.3945.134 Safari/537.36"
::1 - - [04/Apr/2020:23:35:30 +0700] "GET /thuc_hanh_week1/list_of_customers/pictures/cat2.jpg HTTP/1.1" 200 115157 "http://localhost/thuc_hanh_week1/list_of_customers/" "Mozilla/5.0 (Windows NT 10.0; WOW64) AppleWebKit/537.36 (KHTML, like Gecko) coc_coc_browser/85.0.134 Chrome/79.0.3945.134 Safari/537.36"
::1 - - [04/Apr/2020:23:35:30 +0700] "GET /thuc_hanh_week1/list_of_customers/pictures/cat4.jpg HTTP/1.1" 200 50386 "http://localhost/thuc_hanh_week1/list_of_customers/" "Mozilla/5.0 (Windows NT 10.0; WOW64) AppleWebKit/537.36 (KHTML, like Gecko) coc_coc_browser/85.0.134 Chrome/79.0.3945.134 Safari/537.36"
::1 - - [04/Apr/2020:23:35:30 +0700] "GET /thuc_hanh_week1/list_of_customers/pictures/cat3.jpg HTTP/1.1" 200 29849 "http://localhost/thuc_hanh_week1/list_of_customers/" "Mozilla/5.0 (Windows NT 10.0; WOW64) AppleWebKit/537.36 (KHTML, like Gecko) coc_coc_browser/85.0.134 Chrome/79.0.3945.134 Safari/537.36"
::1 - - [04/Apr/2020:23:35:30 +0700] "GET /thuc_hanh_week1/list_of_customers/pictures/cat5.jpg HTTP/1.1" 200 121051 "http://localhost/thuc_hanh_week1/list_of_customers/" "Mozilla/5.0 (Windows NT 10.0; WOW64) AppleWebKit/537.36 (KHTML, like Gecko) coc_coc_browser/85.0.134 Chrome/79.0.3945.134 Safari/537.36"
::1 - - [04/Apr/2020:23:35:30 +0700] "GET /favicon.ico HTTP/1.1" 200 30894 "http://localhost/thuc_hanh_week1/list_of_customers/" "Mozilla/5.0 (Windows NT 10.0; WOW64) AppleWebKit/537.36 (KHTML, like Gecko) coc_coc_browser/85.0.134 Chrome/79.0.3945.134 Safari/537.36"
::1 - - [04/Apr/2020:23:36:47 +0700] "GET /thuc_hanh_week1/list_of_customers/ HTTP/1.1" 200 1606 "-" "Mozilla/5.0 (Windows NT 10.0; WOW64) AppleWebKit/537.36 (KHTML, like Gecko) coc_coc_browser/85.0.134 Chrome/79.0.3945.134 Safari/537.36"
::1 - - [04/Apr/2020:23:36:48 +0700] "GET /favicon.ico HTTP/1.1" 200 30894 "http://localhost/thuc_hanh_week1/list_of_customers/" "Mozilla/5.0 (Windows NT 10.0; WOW64) AppleWebKit/537.36 (KHTML, like Gecko) coc_coc_browser/85.0.134 Chrome/79.0.3945.134 Safari/537.36"
::1 - - [04/Apr/2020:23:36:48 +0700] "GET /thuc_hanh_week1/list_of_customers/ HTTP/1.1" 200 1606 "-" "Mozilla/5.0 (Windows NT 10.0; WOW64) AppleWebKit/537.36 (KHTML, like Gecko) coc_coc_browser/85.0.134 Chrome/79.0.3945.134 Safari/537.36"
::1 - - [04/Apr/2020:23:36:48 +0700] "GET /favicon.ico HTTP/1.1" 200 30894 "http://localhost/thuc_hanh_week1/list_of_customers/" "Mozilla/5.0 (Windows NT 10.0; WOW64) AppleWebKit/537.36 (KHTML, like Gecko) coc_coc_browser/85.0.134 Chrome/79.0.3945.134 Safari/537.36"
::1 - - [04/Apr/2020:23:36:48 +0700] "GET /thuc_hanh_week1/list_of_customers/ HTTP/1.1" 200 1606 "-" "Mozilla/5.0 (Windows NT 10.0; WOW64) AppleWebKit/537.36 (KHTML, like Gecko) coc_coc_browser/85.0.134 Chrome/79.0.3945.134 Safari/537.36"
::1 - - [04/Apr/2020:23:36:48 +0700] "GET /favicon.ico HTTP/1.1" 200 30894 "http://localhost/thuc_hanh_week1/list_of_customers/" "Mozilla/5.0 (Windows NT 10.0; WOW64) AppleWebKit/537.36 (KHTML, like Gecko) coc_coc_browser/85.0.134 Chrome/79.0.3945.134 Safari/537.36"
::1 - - [04/Apr/2020:23:36:48 +0700] "GET /thuc_hanh_week1/list_of_customers/ HTTP/1.1" 200 1606 "-" "Mozilla/5.0 (Windows NT 10.0; WOW64) AppleWebKit/537.36 (KHTML, like Gecko) coc_coc_browser/85.0.134 Chrome/79.0.3945.134 Safari/537.36"
::1 - - [04/Apr/2020:23:36:48 +0700] "GET /favicon.ico HTTP/1.1" 200 30894 "http://localhost/thuc_hanh_week1/list_of_customers/" "Mozilla/5.0 (Windows NT 10.0; WOW64) AppleWebKit/537.36 (KHTML, like Gecko) coc_coc_browser/85.0.134 Chrome/79.0.3945.134 Safari/537.36"
::1 - - [04/Apr/2020:23:36:49 +0700] "GET /thuc_hanh_week1/list_of_customers/ HTTP/1.1" 200 1606 "-" "Mozilla/5.0 (Windows NT 10.0; WOW64) AppleWebKit/537.36 (KHTML, like Gecko) coc_coc_browser/85.0.134 Chrome/79.0.3945.134 Safari/537.36"
::1 - - [04/Apr/2020:23:36:49 +0700] "GET /favicon.ico HTTP/1.1" 200 30894 "http://localhost/thuc_hanh_week1/list_of_customers/" "Mozilla/5.0 (Windows NT 10.0; WOW64) AppleWebKit/537.36 (KHTML, like Gecko) coc_coc_browser/85.0.134 Chrome/79.0.3945.134 Safari/537.36"
::1 - - [04/Apr/2020:23:36:49 +0700] "GET /thuc_hanh_week1/list_of_customers/ HTTP/1.1" 200 1606 "-" "Mozilla/5.0 (Windows NT 10.0; WOW64) AppleWebKit/537.36 (KHTML, like Gecko) coc_coc_browser/85.0.134 Chrome/79.0.3945.134 Safari/537.36"
::1 - - [04/Apr/2020:23:36:49 +0700] "GET /favicon.ico HTTP/1.1" 200 30894 "http://localhost/thuc_hanh_week1/list_of_customers/" "Mozilla/5.0 (Windows NT 10.0; WOW64) AppleWebKit/537.36 (KHTML, like Gecko) coc_coc_browser/85.0.134 Chrome/79.0.3945.134 Safari/537.36"
::1 - - [04/Apr/2020:23:39:26 +0700] "GET /thuc_hanh_week1/list_of_customers/ HTTP/1.1" 200 1606 "-" "Mozilla/5.0 (Windows NT 10.0; WOW64) AppleWebKit/537.36 (KHTML, like Gecko) coc_coc_browser/85.0.134 Chrome/79.0.3945.134 Safari/537.36"
::1 - - [04/Apr/2020:23:39:26 +0700] "GET /thuc_hanh_week1/list_of_customers/pictures/cat2.jpg HTTP/1.1" 304 - "http://localhost/thuc_hanh_week1/list_of_customers/" "Mozilla/5.0 (Windows NT 10.0; WOW64) AppleWebKit/537.36 (KHTML, like Gecko) coc_coc_browser/85.0.134 Chrome/79.0.3945.134 Safari/537.36"
::1 - - [04/Apr/2020:23:39:26 +0700] "GET /thuc_hanh_week1/list_of_customers/pictures/cat1.jpg HTTP/1.1" 304 - "http://localhost/thuc_hanh_week1/list_of_customers/" "Mozilla/5.0 (Windows NT 10.0; WOW64) AppleWebKit/537.36 (KHTML, like Gecko) coc_coc_browser/85.0.134 Chrome/79.0.3945.134 Safari/537.36"
::1 - - [04/Apr/2020:23:39:26 +0700] "GET /thuc_hanh_week1/list_of_customers/pictures/cat4.jpg HTTP/1.1" 304 - "http://localhost/thuc_hanh_week1/list_of_customers/" "Mozilla/5.0 (Windows NT 10.0; WOW64) AppleWebKit/537.36 (KHTML, like Gecko) coc_coc_browser/85.0.134 Chrome/79.0.3945.134 Safari/537.36"
::1 - - [04/Apr/2020:23:39:26 +0700] "GET /thuc_hanh_week1/list_of_customers/pictures/cat5.jpg HTTP/1.1" 304 - "http://localhost/thuc_hanh_week1/list_of_customers/" "Mozilla/5.0 (Windows NT 10.0; WOW64) AppleWebKit/537.36 (KHTML, like Gecko) coc_coc_browser/85.0.134 Chrome/79.0.3945.134 Safari/537.36"
::1 - - [04/Apr/2020:23:39:26 +0700] "GET /thuc_hanh_week1/list_of_customers/pictures/cat3.jpg HTTP/1.1" 304 - "http://localhost/thuc_hanh_week1/list_of_customers/" "Mozilla/5.0 (Windows NT 10.0; WOW64) AppleWebKit/537.36 (KHTML, like Gecko) coc_coc_browser/85.0.134 Chrome/79.0.3945.134 Safari/537.36"
::1 - - [04/Apr/2020:23:39:26 +0700] "GET /favicon.ico HTTP/1.1" 200 30894 "http://localhost/thuc_hanh_week1/list_of_customers/" "Mozilla/5.0 (Windows NT 10.0; WOW64) AppleWebKit/537.36 (KHTML, like Gecko) coc_coc_browser/85.0.134 Chrome/79.0.3945.134 Safari/537.36"
::1 - - [05/Apr/2020:22:10:51 +0700] "GET /thuc_hanh_week1/list_of_customers/ HTTP/1.1" 200 1596 "-" "Mozilla/5.0 (Windows NT 10.0; WOW64) AppleWebKit/537.36 (KHTML, like Gecko) coc_coc_browser/85.0.134 Chrome/79.0.3945.134 Safari/537.36"
::1 - - [05/Apr/2020:22:10:51 +0700] "GET /thuc_hanh_week1/list_of_customers/pictures/cat5.jpg HTTP/1.1" 304 - "http://localhost/thuc_hanh_week1/list_of_customers/" "Mozilla/5.0 (Windows NT 10.0; WOW64) AppleWebKit/537.36 (KHTML, like Gecko) coc_coc_browser/85.0.134 Chrome/79.0.3945.134 Safari/537.36"
::1 - - [05/Apr/2020:22:10:51 +0700] "GET /thuc_hanh_week1/list_of_customers/pictures/cat2.jpg HTTP/1.1" 304 - "http://localhost/thuc_hanh_week1/list_of_customers/" "Mozilla/5.0 (Windows NT 10.0; WOW64) AppleWebKit/537.36 (KHTML, like Gecko) coc_coc_browser/85.0.134 Chrome/79.0.3945.134 Safari/537.36"
::1 - - [05/Apr/2020:22:10:51 +0700] "GET /thuc_hanh_week1/list_of_customers/pictures/cat1.jpg HTTP/1.1" 304 - "http://localhost/thuc_hanh_week1/list_of_customers/" "Mozilla/5.0 (Windows NT 10.0; WOW64) AppleWebKit/537.36 (KHTML, like Gecko) coc_coc_browser/85.0.134 Chrome/79.0.3945.134 Safari/537.36"
::1 - - [05/Apr/2020:22:10:51 +0700] "GET /thuc_hanh_week1/list_of_customers/pictures/cat3.jpg HTTP/1.1" 304 - "http://localhost/thuc_hanh_week1/list_of_customers/" "Mozilla/5.0 (Windows NT 10.0; WOW64) AppleWebKit/537.36 (KHTML, like Gecko) coc_coc_browser/85.0.134 Chrome/79.0.3945.134 Safari/537.36"
::1 - - [05/Apr/2020:22:10:51 +0700] "GET /thuc_hanh_week1/list_of_customers/pictures/cat4.jpg HTTP/1.1" 304 - "http://localhost/thuc_hanh_week1/list_of_customers/" "Mozilla/5.0 (Windows NT 10.0; WOW64) AppleWebKit/537.36 (KHTML, like Gecko) coc_coc_browser/85.0.134 Chrome/79.0.3945.134 Safari/537.36"
::1 - - [05/Apr/2020:22:10:51 +0700] "GET /favicon.ico HTTP/1.1" 200 30894 "http://localhost/thuc_hanh_week1/list_of_customers/" "Mozilla/5.0 (Windows NT 10.0; WOW64) AppleWebKit/537.36 (KHTML, like Gecko) coc_coc_browser/85.0.134 Chrome/79.0.3945.134 Safari/537.36"
::1 - - [05/Apr/2020:22:10:52 +0700] "GET /thuc_hanh_week1/list_of_customers/ HTTP/1.1" 200 1596 "-" "Mozilla/5.0 (Windows NT 10.0; WOW64) AppleWebKit/537.36 (KHTML, like Gecko) coc_coc_browser/85.0.134 Chrome/79.0.3945.134 Safari/537.36"
::1 - - [05/Apr/2020:22:10:52 +0700] "GET /favicon.ico HTTP/1.1" 200 30894 "http://localhost/thuc_hanh_week1/list_of_customers/" "Mozilla/5.0 (Windows NT 10.0; WOW64) AppleWebKit/537.36 (KHTML, like Gecko) coc_coc_browser/85.0.134 Chrome/79.0.3945.134 Safari/537.36"
::1 - - [05/Apr/2020:22:10:52 +0700] "GET /thuc_hanh_week1/list_of_customers/ HTTP/1.1" 200 1596 "-" "Mozilla/5.0 (Windows NT 10.0; WOW64) AppleWebKit/537.36 (KHTML, like Gecko) coc_coc_browser/85.0.134 Chrome/79.0.3945.134 Safari/537.36"
::1 - - [05/Apr/2020:22:10:52 +0700] "GET /favicon.ico HTTP/1.1" 200 30894 "http://localhost/thuc_hanh_week1/list_of_customers/" "Mozilla/5.0 (Windows NT 10.0; WOW64) AppleWebKit/537.36 (KHTML, like Gecko) coc_coc_browser/85.0.134 Chrome/79.0.3945.134 Safari/537.36"
::1 - - [05/Apr/2020:22:10:52 +0700] "GET /thuc_hanh_week1/list_of_customers/ HTTP/1.1" 200 1596 "-" "Mozilla/5.0 (Windows NT 10.0; WOW64) AppleWebKit/537.36 (KHTML, like Gecko) coc_coc_browser/85.0.134 Chrome/79.0.3945.134 Safari/537.36"
::1 - - [05/Apr/2020:22:10:53 +0700] "GET /favicon.ico HTTP/1.1" 200 30894 "http://localhost/thuc_hanh_week1/list_of_customers/" "Mozilla/5.0 (Windows NT 10.0; WOW64) AppleWebKit/537.36 (KHTML, like Gecko) coc_coc_browser/85.0.134 Chrome/79.0.3945.134 Safari/537.36"
::1 - - [05/Apr/2020:22:10:53 +0700] "GET /thuc_hanh_week1/list_of_customers/ HTTP/1.1" 200 1596 "-" "Mozilla/5.0 (Windows NT 10.0; WOW64) AppleWebKit/537.36 (KHTML, like Gecko) coc_coc_browser/85.0.134 Chrome/79.0.3945.134 Safari/537.36"
::1 - - [05/Apr/2020:22:10:53 +0700] "GET /favicon.ico HTTP/1.1" 200 30894 "http://localhost/thuc_hanh_week1/list_of_customers/" "Mozilla/5.0 (Windows NT 10.0; WOW64) AppleWebKit/537.36 (KHTML, like Gecko) coc_coc_browser/85.0.134 Chrome/79.0.3945.134 Safari/537.36"
::1 - - [05/Apr/2020:22:10:53 +0700] "GET /thuc_hanh_week1/list_of_customers/ HTTP/1.1" 200 1596 "-" "Mozilla/5.0 (Windows NT 10.0; WOW64) AppleWebKit/537.36 (KHTML, like Gecko) coc_coc_browser/85.0.134 Chrome/79.0.3945.134 Safari/537.36"
::1 - - [05/Apr/2020:22:10:53 +0700] "GET /favicon.ico HTTP/1.1" 200 30894 "http://localhost/thuc_hanh_week1/list_of_customers/" "Mozilla/5.0 (Windows NT 10.0; WOW64) AppleWebKit/537.36 (KHTML, like Gecko) coc_coc_browser/85.0.134 Chrome/79.0.3945.134 Safari/537.36"
::1 - - [05/Apr/2020:22:23:47 +0700] "GET /thuc_hanh_week1/list_of_customers/ HTTP/1.1" 200 1596 "-" "Mozilla/5.0 (Windows NT 10.0; WOW64) AppleWebKit/537.36 (KHTML, like Gecko) coc_coc_browser/85.0.134 Chrome/79.0.3945.134 Safari/537.36"
::1 - - [05/Apr/2020:22:23:47 +0700] "GET /favicon.ico HTTP/1.1" 200 30894 "http://localhost/thuc_hanh_week1/list_of_customers/" "Mozilla/5.0 (Windows NT 10.0; WOW64) AppleWebKit/537.36 (KHTML, like Gecko) coc_coc_browser/85.0.134 Chrome/79.0.3945.134 Safari/537.36"
::1 - - [05/Apr/2020:22:23:47 +0700] "GET /thuc_hanh_week1/list_of_customers/ HTTP/1.1" 200 1596 "-" "Mozilla/5.0 (Windows NT 10.0; WOW64) AppleWebKit/537.36 (KHTML, like Gecko) coc_coc_browser/85.0.134 Chrome/79.0.3945.134 Safari/537.36"
::1 - - [05/Apr/2020:22:23:47 +0700] "GET /favicon.ico HTTP/1.1" 200 30894 "http://localhost/thuc_hanh_week1/list_of_customers/" "Mozilla/5.0 (Windows NT 10.0; WOW64) AppleWebKit/537.36 (KHTML, like Gecko) coc_coc_browser/85.0.134 Chrome/79.0.3945.134 Safari/537.36"
::1 - - [05/Apr/2020:22:23:47 +0700] "GET /thuc_hanh_week1/list_of_customers/ HTTP/1.1" 200 1596 "-" "Mozilla/5.0 (Windows NT 10.0; WOW64) AppleWebKit/537.36 (KHTML, like Gecko) coc_coc_browser/85.0.134 Chrome/79.0.3945.134 Safari/537.36"
::1 - - [05/Apr/2020:22:23:48 +0700] "GET /favicon.ico HTTP/1.1" 200 30894 "http://localhost/thuc_hanh_week1/list_of_customers/" "Mozilla/5.0 (Windows NT 10.0; WOW64) AppleWebKit/537.36 (KHTML, like Gecko) coc_coc_browser/85.0.134 Chrome/79.0.3945.134 Safari/537.36"
::1 - - [05/Apr/2020:22:23:48 +0700] "GET /thuc_hanh_week1/list_of_customers/ HTTP/1.1" 200 1596 "-" "Mozilla/5.0 (Windows NT 10.0; WOW64) AppleWebKit/537.36 (KHTML, like Gecko) coc_coc_browser/85.0.134 Chrome/79.0.3945.134 Safari/537.36"
::1 - - [05/Apr/2020:22:23:48 +0700] "GET /favicon.ico HTTP/1.1" 200 30894 "http://localhost/thuc_hanh_week1/list_of_customers/" "Mozilla/5.0 (Windows NT 10.0; WOW64) AppleWebKit/537.36 (KHTML, like Gecko) coc_coc_browser/85.0.134 Chrome/79.0.3945.134 Safari/537.36"
::1 - - [05/Apr/2020:22:23:48 +0700] "GET /thuc_hanh_week1/list_of_customers/ HTTP/1.1" 200 1596 "-" "Mozilla/5.0 (Windows NT 10.0; WOW64) AppleWebKit/537.36 (KHTML, like Gecko) coc_coc_browser/85.0.134 Chrome/79.0.3945.134 Safari/537.36"
::1 - - [05/Apr/2020:22:23:48 +0700] "GET /favicon.ico HTTP/1.1" 200 30894 "http://localhost/thuc_hanh_week1/list_of_customers/" "Mozilla/5.0 (Windows NT 10.0; WOW64) AppleWebKit/537.36 (KHTML, like Gecko) coc_coc_browser/85.0.134 Chrome/79.0.3945.134 Safari/537.36"
::1 - - [05/Apr/2020:22:23:48 +0700] "GET /thuc_hanh_week1/list_of_customers/ HTTP/1.1" 200 1596 "-" "Mozilla/5.0 (Windows NT 10.0; WOW64) AppleWebKit/537.36 (KHTML, like Gecko) coc_coc_browser/85.0.134 Chrome/79.0.3945.134 Safari/537.36"
::1 - - [05/Apr/2020:22:23:48 +0700] "GET /favicon.ico HTTP/1.1" 200 30894 "http://localhost/thuc_hanh_week1/list_of_customers/" "Mozilla/5.0 (Windows NT 10.0; WOW64) AppleWebKit/537.36 (KHTML, like Gecko) coc_coc_browser/85.0.134 Chrome/79.0.3945.134 Safari/537.36"
::1 - - [05/Apr/2020:22:23:48 +0700] "GET /thuc_hanh_week1/list_of_customers/ HTTP/1.1" 200 1596 "-" "Mozilla/5.0 (Windows NT 10.0; WOW64) AppleWebKit/537.36 (KHTML, like Gecko) coc_coc_browser/85.0.134 Chrome/79.0.3945.134 Safari/537.36"
::1 - - [05/Apr/2020:22:23:48 +0700] "GET /favicon.ico HTTP/1.1" 200 30894 "http://localhost/thuc_hanh_week1/list_of_customers/" "Mozilla/5.0 (Windows NT 10.0; WOW64) AppleWebKit/537.36 (KHTML, like Gecko) coc_coc_browser/85.0.134 Chrome/79.0.3945.134 Safari/537.36"
::1 - - [05/Apr/2020:22:24:58 +0700] "GET /thuc_hanh_week1/list_of_customers/ HTTP/1.1" 200 1628 "-" "Mozilla/5.0 (Windows NT 10.0; WOW64) AppleWebKit/537.36 (KHTML, like Gecko) coc_coc_browser/85.0.134 Chrome/79.0.3945.134 Safari/537.36"
::1 - - [05/Apr/2020:22:24:58 +0700] "GET /favicon.ico HTTP/1.1" 200 30894 "http://localhost/thuc_hanh_week1/list_of_customers/" "Mozilla/5.0 (Windows NT 10.0; WOW64) AppleWebKit/537.36 (KHTML, like Gecko) coc_coc_browser/85.0.134 Chrome/79.0.3945.134 Safari/537.36"
::1 - - [05/Apr/2020:22:25:04 +0700] "GET /thuc_hanh_week1/list_of_customers/ HTTP/1.1" 200 1628 "-" "Mozilla/5.0 (Windows NT 10.0; WOW64) AppleWebKit/537.36 (KHTML, like Gecko) coc_coc_browser/85.0.134 Chrome/79.0.3945.134 Safari/537.36"
::1 - - [05/Apr/2020:22:25:04 +0700] "GET /favicon.ico HTTP/1.1" 200 30894 "http://localhost/thuc_hanh_week1/list_of_customers/" "Mozilla/5.0 (Windows NT 10.0; WOW64) AppleWebKit/537.36 (KHTML, like Gecko) coc_coc_browser/85.0.134 Chrome/79.0.3945.134 Safari/537.36"
::1 - - [05/Apr/2020:22:25:55 +0700] "GET /thuc_hanh_week1/list_of_customers/ HTTP/1.1" 200 1600 "-" "Mozilla/5.0 (Windows NT 10.0; WOW64) AppleWebKit/537.36 (KHTML, like Gecko) coc_coc_browser/85.0.134 Chrome/79.0.3945.134 Safari/537.36"
::1 - - [05/Apr/2020:22:25:55 +0700] "GET /favicon.ico HTTP/1.1" 200 30894 "http://localhost/thuc_hanh_week1/list_of_customers/" "Mozilla/5.0 (Windows NT 10.0; WOW64) AppleWebKit/537.36 (KHTML, like Gecko) coc_coc_browser/85.0.134 Chrome/79.0.3945.134 Safari/537.36"
::1 - - [05/Apr/2020:22:31:33 +0700] "GET /thuc_hanh_week1/list_of_customers/ HTTP/1.1" 200 1600 "-" "Mozilla/5.0 (Windows NT 10.0; WOW64) AppleWebKit/537.36 (KHTML, like Gecko) coc_coc_browser/85.0.134 Chrome/79.0.3945.134 Safari/537.36"
::1 - - [05/Apr/2020:22:31:33 +0700] "GET /favicon.ico HTTP/1.1" 200 30894 "http://localhost/thuc_hanh_week1/list_of_customers/" "Mozilla/5.0 (Windows NT 10.0; WOW64) AppleWebKit/537.36 (KHTML, like Gecko) coc_coc_browser/85.0.134 Chrome/79.0.3945.134 Safari/537.36"
::1 - - [05/Apr/2020:23:09:13 +0700] "GET /thuc_hanh_week1/tu_dien_don_gian HTTP/1.1" 301 358 "-" "Mozilla/5.0 (Windows NT 10.0; WOW64) AppleWebKit/537.36 (KHTML, like Gecko) coc_coc_browser/85.0.134 Chrome/79.0.3945.134 Safari/537.36"
::1 - - [05/Apr/2020:23:09:13 +0700] "GET /thuc_hanh_week1/tu_dien_don_gian/ HTTP/1.1" 200 889 "-" "Mozilla/5.0 (Windows NT 10.0; WOW64) AppleWebKit/537.36 (KHTML, like Gecko) coc_coc_browser/85.0.134 Chrome/79.0.3945.134 Safari/537.36"
::1 - - [05/Apr/2020:23:09:15 +0700] "GET /thuc_hanh_week1/tu_dien_don_gian/?search= HTTP/1.1" 200 889 "http://localhost/thuc_hanh_week1/tu_dien_don_gian/" "Mozilla/5.0 (Windows NT 10.0; WOW64) AppleWebKit/537.36 (KHTML, like Gecko) coc_coc_browser/85.0.134 Chrome/79.0.3945.134 Safari/537.36"
::1 - - [05/Apr/2020:23:09:16 +0700] "GET /thuc_hanh_week1/tu_dien_don_gian/?search= HTTP/1.1" 200 889 "http://localhost/thuc_hanh_week1/tu_dien_don_gian/?search=" "Mozilla/5.0 (Windows NT 10.0; WOW64) AppleWebKit/537.36 (KHTML, like Gecko) coc_coc_browser/85.0.134 Chrome/79.0.3945.134 Safari/537.36"
::1 - - [05/Apr/2020:23:09:16 +0700] "GET /thuc_hanh_week1/tu_dien_don_gian/?search= HTTP/1.1" 200 889 "http://localhost/thuc_hanh_week1/tu_dien_don_gian/?search=" "Mozilla/5.0 (Windows NT 10.0; WOW64) AppleWebKit/537.36 (KHTML, like Gecko) coc_coc_browser/85.0.134 Chrome/79.0.3945.134 Safari/537.36"
::1 - - [05/Apr/2020:23:09:16 +0700] "GET /thuc_hanh_week1/tu_dien_don_gian/?search= HTTP/1.1" 200 889 "http://localhost/thuc_hanh_week1/tu_dien_don_gian/?search=" "Mozilla/5.0 (Windows NT 10.0; WOW64) AppleWebKit/537.36 (KHTML, like Gecko) coc_coc_browser/85.0.134 Chrome/79.0.3945.134 Safari/537.36"
::1 - - [05/Apr/2020:23:09:16 +0700] "GET /thuc_hanh_week1/tu_dien_don_gian/?search= HTTP/1.1" 200 889 "http://localhost/thuc_hanh_week1/tu_dien_don_gian/?search=" "Mozilla/5.0 (Windows NT 10.0; WOW64) AppleWebKit/537.36 (KHTML, like Gecko) coc_coc_browser/85.0.134 Chrome/79.0.3945.134 Safari/537.36"
::1 - - [05/Apr/2020:23:09:17 +0700] "GET /thuc_hanh_week1/tu_dien_don_gian/?search= HTTP/1.1" 200 889 "http://localhost/thuc_hanh_week1/tu_dien_don_gian/?search=" "Mozilla/5.0 (Windows NT 10.0; WOW64) AppleWebKit/537.36 (KHTML, like Gecko) coc_coc_browser/85.0.134 Chrome/79.0.3945.134 Safari/537.36"
::1 - - [05/Apr/2020:23:18:23 +0700] "GET /thuc_hanh_week1/tu_dien_don_gian/?search= HTTP/1.1" 200 885 "http://localhost/thuc_hanh_week1/tu_dien_don_gian/?search=" "Mozilla/5.0 (Windows NT 10.0; WOW64) AppleWebKit/537.36 (KHTML, like Gecko) coc_coc_browser/85.0.134 Chrome/79.0.3945.134 Safari/537.36"
::1 - - [05/Apr/2020:23:18:23 +0700] "GET /favicon.ico HTTP/1.1" 200 30894 "http://localhost/thuc_hanh_week1/tu_dien_don_gian/?search=" "Mozilla/5.0 (Windows NT 10.0; WOW64) AppleWebKit/537.36 (KHTML, like Gecko) coc_coc_browser/85.0.134 Chrome/79.0.3945.134 Safari/537.36"
::1 - - [05/Apr/2020:23:18:27 +0700] "GET /thuc_hanh_week1/tu_dien_don_gian/?search=hello HTTP/1.1" 200 885 "http://localhost/thuc_hanh_week1/tu_dien_don_gian/?search=" "Mozilla/5.0 (Windows NT 10.0; WOW64) AppleWebKit/537.36 (KHTML, like Gecko) coc_coc_browser/85.0.134 Chrome/79.0.3945.134 Safari/537.36"
::1 - - [05/Apr/2020:23:18:29 +0700] "GET /thuc_hanh_week1/tu_dien_don_gian/?search= HTTP/1.1" 200 885 "http://localhost/thuc_hanh_week1/tu_dien_don_gian/?search=hello" "Mozilla/5.0 (Windows NT 10.0; WOW64) AppleWebKit/537.36 (KHTML, like Gecko) coc_coc_browser/85.0.134 Chrome/79.0.3945.134 Safari/537.36"
::1 - - [05/Apr/2020:23:18:31 +0700] "GET /thuc_hanh_week1/tu_dien_don_gian/?search=hello HTTP/1.1" 200 885 "http://localhost/thuc_hanh_week1/tu_dien_don_gian/?search=" "Mozilla/5.0 (Windows NT 10.0; WOW64) AppleWebKit/537.36 (KHTML, like Gecko) coc_coc_browser/85.0.134 Chrome/79.0.3945.134 Safari/537.36"
::1 - - [05/Apr/2020:23:20:12 +0700] "GET /thuc_hanh_week1/tu_dien_don_gian/?search=hello HTTP/1.1" 200 899 "http://localhost/thuc_hanh_week1/tu_dien_don_gian/?search=" "Mozilla/5.0 (Windows NT 10.0; WOW64) AppleWebKit/537.36 (KHTML, like Gecko) coc_coc_browser/85.0.134 Chrome/79.0.3945.134 Safari/537.36"
::1 - - [05/Apr/2020:23:20:13 +0700] "GET /favicon.ico HTTP/1.1" 200 30894 "http://localhost/thuc_hanh_week1/tu_dien_don_gian/?search=hello" "Mozilla/5.0 (Windows NT 10.0; WOW64) AppleWebKit/537.36 (KHTML, like Gecko) coc_coc_browser/85.0.134 Chrome/79.0.3945.134 Safari/537.36"
::1 - - [05/Apr/2020:23:20:15 +0700] "POST /thuc_hanh_week1/tu_dien_don_gian/?search=hello HTTP/1.1" 200 950 "http://localhost/thuc_hanh_week1/tu_dien_don_gian/?search=hello" "Mozilla/5.0 (Windows NT 10.0; WOW64) AppleWebKit/537.36 (KHTML, like Gecko) coc_coc_browser/85.0.134 Chrome/79.0.3945.134 Safari/537.36"
::1 - - [05/Apr/2020:23:45:14 +0700] "GET /thuc_hanh_week1/read_number HTTP/1.1" 404 1150 "-" "Mozilla/5.0 (Windows NT 10.0; WOW64) AppleWebKit/537.36 (KHTML, like Gecko) coc_coc_browser/85.0.134 Chrome/79.0.3945.134 Safari/537.36"
::1 - - [05/Apr/2020:23:45:35 +0700] "GET /bai_tap_week1/read_number HTTP/1.1" 301 351 "-" "Mozilla/5.0 (Windows NT 10.0; WOW64) AppleWebKit/537.36 (KHTML, like Gecko) coc_coc_browser/85.0.134 Chrome/79.0.3945.134 Safari/537.36"
::1 - - [05/Apr/2020:23:45:35 +0700] "GET /bai_tap_week1/read_number/ HTTP/1.1" 200 920 "-" "Mozilla/5.0 (Windows NT 10.0; WOW64) AppleWebKit/537.36 (KHTML, like Gecko) coc_coc_browser/85.0.134 Chrome/79.0.3945.134 Safari/537.36"
::1 - - [05/Apr/2020:23:46:43 +0700] "GET /thuc_hanh_week1/login/ HTTP/1.1" 200 939 "-" "Mozilla/5.0 (Windows NT 10.0; WOW64) AppleWebKit/537.36 (KHTML, like Gecko) coc_coc_browser/85.0.134 Chrome/79.0.3945.134 Safari/537.36"
::1 - - [05/Apr/2020:23:46:50 +0700] "GET /thuc_hanh_week1/tu_dien_don_gian/?search= HTTP/1.1" 200 916 "-" "Mozilla/5.0 (Windows NT 10.0; WOW64) AppleWebKit/537.36 (KHTML, like Gecko) coc_coc_browser/85.0.134 Chrome/79.0.3945.134 Safari/537.36"
::1 - - [05/Apr/2020:23:46:53 +0700] "POST /thuc_hanh_week1/tu_dien_don_gian/?search= HTTP/1.1" 200 967 "http://localhost/thuc_hanh_week1/tu_dien_don_gian/?search=" "Mozilla/5.0 (Windows NT 10.0; WOW64) AppleWebKit/537.36 (KHTML, like Gecko) coc_coc_browser/85.0.134 Chrome/79.0.3945.134 Safari/537.36"
::1 - - [05/Apr/2020:23:46:55 +0700] "POST /thuc_hanh_week1/tu_dien_don_gian/?search= HTTP/1.1" 200 950 "http://localhost/thuc_hanh_week1/tu_dien_don_gian/?search=" "Mozilla/5.0 (Windows NT 10.0; WOW64) AppleWebKit/537.36 (KHTML, like Gecko) coc_coc_browser/85.0.134 Chrome/79.0.3945.134 Safari/537.36"
::1 - - [05/Apr/2020:23:46:55 +0700] "POST /thuc_hanh_week1/tu_dien_don_gian/?search= HTTP/1.1" 200 950 "http://localhost/thuc_hanh_week1/tu_dien_don_gian/?search=" "Mozilla/5.0 (Windows NT 10.0; WOW64) AppleWebKit/537.36 (KHTML, like Gecko) coc_coc_browser/85.0.134 Chrome/79.0.3945.134 Safari/537.36"
::1 - - [05/Apr/2020:23:46:56 +0700] "POST /thuc_hanh_week1/tu_dien_don_gian/?search= HTTP/1.1" 200 950 "http://localhost/thuc_hanh_week1/tu_dien_don_gian/?search=" "Mozilla/5.0 (Windows NT 10.0; WOW64) AppleWebKit/537.36 (KHTML, like Gecko) coc_coc_browser/85.0.134 Chrome/79.0.3945.134 Safari/537.36"
::1 - - [05/Apr/2020:23:47:04 +0700] "POST /thuc_hanh_week1/tu_dien_don_gian/?search= HTTP/1.1" 200 971 "http://localhost/thuc_hanh_week1/tu_dien_don_gian/?search=" "Mozilla/5.0 (Windows NT 10.0; WOW64) AppleWebKit/537.36 (KHTML, like Gecko) coc_coc_browser/85.0.134 Chrome/79.0.3945.134 Safari/537.36"
::1 - - [05/Apr/2020:23:47:08 +0700] "POST /thuc_hanh_week1/tu_dien_don_gian/?search= HTTP/1.1" 200 950 "http://localhost/thuc_hanh_week1/tu_dien_don_gian/?search=" "Mozilla/5.0 (Windows NT 10.0; WOW64) AppleWebKit/537.36 (KHTML, like Gecko) coc_coc_browser/85.0.134 Chrome/79.0.3945.134 Safari/537.36"
::1 - - [05/Apr/2020:23:47:10 +0700] "POST /thuc_hanh_week1/tu_dien_don_gian/?search= HTTP/1.1" 200 950 "http://localhost/thuc_hanh_week1/tu_dien_don_gian/?search=" "Mozilla/5.0 (Windows NT 10.0; WOW64) AppleWebKit/537.36 (KHTML, like Gecko) coc_coc_browser/85.0.134 Chrome/79.0.3945.134 Safari/537.36"
::1 - - [05/Apr/2020:23:47:37 +0700] "POST /thuc_hanh_week1/tu_dien_don_gian/?search= HTTP/1.1" 200 915 "http://localhost/thuc_hanh_week1/tu_dien_don_gian/?search=" "Mozilla/5.0 (Windows NT 10.0; WOW64) AppleWebKit/537.36 (KHTML, like Gecko) coc_coc_browser/85.0.134 Chrome/79.0.3945.134 Safari/537.36"
::1 - - [05/Apr/2020:23:47:37 +0700] "GET /favicon.ico HTTP/1.1" 200 30894 "http://localhost/thuc_hanh_week1/tu_dien_don_gian/?search=" "Mozilla/5.0 (Windows NT 10.0; WOW64) AppleWebKit/537.36 (KHTML, like Gecko) coc_coc_browser/85.0.134 Chrome/79.0.3945.134 Safari/537.36"
::1 - - [05/Apr/2020:23:47:39 +0700] "GET /thuc_hanh_week1/tu_dien_don_gian/?search=hello HTTP/1.1" 200 1089 "http://localhost/thuc_hanh_week1/tu_dien_don_gian/?search=" "Mozilla/5.0 (Windows NT 10.0; WOW64) AppleWebKit/537.36 (KHTML, like Gecko) coc_coc_browser/85.0.134 Chrome/79.0.3945.134 Safari/537.36"
::1 - - [05/Apr/2020:23:48:09 +0700] "GET /thuc_hanh_week1/tu_dien_don_gian/?search=hello HTTP/1.1" 200 966 "http://localhost/thuc_hanh_week1/tu_dien_don_gian/?search=" "Mozilla/5.0 (Windows NT 10.0; WOW64) AppleWebKit/537.36 (KHTML, like Gecko) coc_coc_browser/85.0.134 Chrome/79.0.3945.134 Safari/537.36"
::1 - - [05/Apr/2020:23:48:09 +0700] "GET /favicon.ico HTTP/1.1" 200 30894 "http://localhost/thuc_hanh_week1/tu_dien_don_gian/?search=hello" "Mozilla/5.0 (Windows NT 10.0; WOW64) AppleWebKit/537.36 (KHTML, like Gecko) coc_coc_browser/85.0.134 Chrome/79.0.3945.134 Safari/537.36"
::1 - - [05/Apr/2020:23:48:12 +0700] "GET /thuc_hanh_week1/tu_dien_don_gian/?search=hello HTTP/1.1" 200 966 "http://localhost/thuc_hanh_week1/tu_dien_don_gian/?search=" "Mozilla/5.0 (Windows NT 10.0; WOW64) AppleWebKit/537.36 (KHTML, like Gecko) coc_coc_browser/85.0.134 Chrome/79.0.3945.134 Safari/537.36"
::1 - - [05/Apr/2020:23:48:12 +0700] "GET /favicon.ico HTTP/1.1" 200 30894 "http://localhost/thuc_hanh_week1/tu_dien_don_gian/?search=hello" "Mozilla/5.0 (Windows NT 10.0; WOW64) AppleWebKit/537.36 (KHTML, like Gecko) coc_coc_browser/85.0.134 Chrome/79.0.3945.134 Safari/537.36"
::1 - - [05/Apr/2020:23:48:12 +0700] "GET /thuc_hanh_week1/tu_dien_don_gian/?search=hello HTTP/1.1" 200 966 "http://localhost/thuc_hanh_week1/tu_dien_don_gian/?search=" "Mozilla/5.0 (Windows NT 10.0; WOW64) AppleWebKit/537.36 (KHTML, like Gecko) coc_coc_browser/85.0.134 Chrome/79.0.3945.134 Safari/537.36"
::1 - - [05/Apr/2020:23:48:12 +0700] "GET /favicon.ico HTTP/1.1" 200 30894 "http://localhost/thuc_hanh_week1/tu_dien_don_gian/?search=hello" "Mozilla/5.0 (Windows NT 10.0; WOW64) AppleWebKit/537.36 (KHTML, like Gecko) coc_coc_browser/85.0.134 Chrome/79.0.3945.134 Safari/537.36"
::1 - - [05/Apr/2020:23:48:15 +0700] "GET /thuc_hanh_week1/tu_dien_don_gian/?search=hi HTTP/1.1" 200 949 "http://localhost/thuc_hanh_week1/tu_dien_don_gian/?search=hello" "Mozilla/5.0 (Windows NT 10.0; WOW64) AppleWebKit/537.36 (KHTML, like Gecko) coc_coc_browser/85.0.134 Chrome/79.0.3945.134 Safari/537.36"
::1 - - [05/Apr/2020:23:48:17 +0700] "GET /thuc_hanh_week1/tu_dien_don_gian/?search=computer HTTP/1.1" 200 970 "http://localhost/thuc_hanh_week1/tu_dien_don_gian/?search=hi" "Mozilla/5.0 (Windows NT 10.0; WOW64) AppleWebKit/537.36 (KHTML, like Gecko) coc_coc_browser/85.0.134 Chrome/79.0.3945.134 Safari/537.36"
::1 - - [05/Apr/2020:23:50:49 +0700] "GET /bai_tap_week1/read_number/ HTTP/1.1" 200 906 "-" "Mozilla/5.0 (Windows NT 10.0; WOW64) AppleWebKit/537.36 (KHTML, like Gecko) coc_coc_browser/85.0.134 Chrome/79.0.3945.134 Safari/537.36"
::1 - - [05/Apr/2020:23:50:49 +0700] "GET /favicon.ico HTTP/1.1" 200 30894 "http://localhost/bai_tap_week1/read_number/" "Mozilla/5.0 (Windows NT 10.0; WOW64) AppleWebKit/537.36 (KHTML, like Gecko) coc_coc_browser/85.0.134 Chrome/79.0.3945.134 Safari/537.36"
::1 - - [05/Apr/2020:23:50:58 +0700] "GET /bai_tap_week1/read_number/ HTTP/1.1" 200 906 "-" "Mozilla/5.0 (Windows NT 10.0; WOW64) AppleWebKit/537.36 (KHTML, like Gecko) coc_coc_browser/85.0.134 Chrome/79.0.3945.134 Safari/537.36"
::1 - - [05/Apr/2020:23:50:58 +0700] "GET /favicon.ico HTTP/1.1" 200 30894 "http://localhost/bai_tap_week1/read_number/" "Mozilla/5.0 (Windows NT 10.0; WOW64) AppleWebKit/537.36 (KHTML, like Gecko) coc_coc_browser/85.0.134 Chrome/79.0.3945.134 Safari/537.36"
::1 - - [05/Apr/2020:23:51:07 +0700] "POST /bai_tap_week1/read_number/ HTTP/1.1" 200 914 "http://localhost/bai_tap_week1/read_number/" "Mozilla/5.0 (Windows NT 10.0; WOW64) AppleWebKit/537.36 (KHTML, like Gecko) coc_coc_browser/85.0.134 Chrome/79.0.3945.134 Safari/537.36"
::1 - - [05/Apr/2020:23:56:00 +0700] "POST /bai_tap_week1/read_number/ HTTP/1.1" 200 911 "http://localhost/bai_tap_week1/read_number/" "Mozilla/5.0 (Windows NT 10.0; WOW64) AppleWebKit/537.36 (KHTML, like Gecko) coc_coc_browser/85.0.134 Chrome/79.0.3945.134 Safari/537.36"
::1 - - [05/Apr/2020:23:56:00 +0700] "GET /favicon.ico HTTP/1.1" 200 30894 "http://localhost/bai_tap_week1/read_number/" "Mozilla/5.0 (Windows NT 10.0; WOW64) AppleWebKit/537.36 (KHTML, like Gecko) coc_coc_browser/85.0.134 Chrome/79.0.3945.134 Safari/537.36"
::1 - - [05/Apr/2020:23:56:07 +0700] "POST /bai_tap_week1/read_number/ HTTP/1.1" 200 911 "http://localhost/bai_tap_week1/read_number/" "Mozilla/5.0 (Windows NT 10.0; WOW64) AppleWebKit/537.36 (KHTML, like Gecko) coc_coc_browser/85.0.134 Chrome/79.0.3945.134 Safari/537.36"
::1 - - [06/Apr/2020:00:39:19 +0700] "POST /bai_tap_week1/read_number/ HTTP/1.1" 200 938 "http://localhost/bai_tap_week1/read_number/" "Mozilla/5.0 (Windows NT 10.0; WOW64) AppleWebKit/537.36 (KHTML, like Gecko) coc_coc_browser/85.0.134 Chrome/79.0.3945.134 Safari/537.36"
::1 - - [06/Apr/2020:00:39:19 +0700] "GET /favicon.ico HTTP/1.1" 200 30894 "http://localhost/bai_tap_week1/read_number/" "Mozilla/5.0 (Windows NT 10.0; WOW64) AppleWebKit/537.36 (KHTML, like Gecko) coc_coc_browser/85.0.134 Chrome/79.0.3945.134 Safari/537.36"
::1 - - [06/Apr/2020:00:39:25 +0700] "POST /bai_tap_week1/read_number/ HTTP/1.1" 200 939 "http://localhost/bai_tap_week1/read_number/" "Mozilla/5.0 (Windows NT 10.0; WOW64) AppleWebKit/537.36 (KHTML, like Gecko) coc_coc_browser/85.0.134 Chrome/79.0.3945.134 Safari/537.36"
::1 - - [06/Apr/2020:00:39:35 +0700] "POST /bai_tap_week1/read_number/ HTTP/1.1" 200 938 "http://localhost/bai_tap_week1/read_number/" "Mozilla/5.0 (Windows NT 10.0; WOW64) AppleWebKit/537.36 (KHTML, like Gecko) coc_coc_browser/85.0.134 Chrome/79.0.3945.134 Safari/537.36"
::1 - - [06/Apr/2020:00:39:44 +0700] "POST /bai_tap_week1/read_number/ HTTP/1.1" 200 939 "http://localhost/bai_tap_week1/read_number/" "Mozilla/5.0 (Windows NT 10.0; WOW64) AppleWebKit/537.36 (KHTML, like Gecko) coc_coc_browser/85.0.134 Chrome/79.0.3945.134 Safari/537.36"
::1 - - [06/Apr/2020:00:39:47 +0700] "POST /bai_tap_week1/read_number/ HTTP/1.1" 200 912 "http://localhost/bai_tap_week1/read_number/" "Mozilla/5.0 (Windows NT 10.0; WOW64) AppleWebKit/537.36 (KHTML, like Gecko) coc_coc_browser/85.0.134 Chrome/79.0.3945.134 Safari/537.36"
::1 - - [06/Apr/2020:00:39:50 +0700] "POST /bai_tap_week1/read_number/ HTTP/1.1" 200 912 "http://localhost/bai_tap_week1/read_number/" "Mozilla/5.0 (Windows NT 10.0; WOW64) AppleWebKit/537.36 (KHTML, like Gecko) coc_coc_browser/85.0.134 Chrome/79.0.3945.134 Safari/537.36"
::1 - - [06/Apr/2020:00:39:53 +0700] "POST /bai_tap_week1/read_number/ HTTP/1.1" 200 915 "http://localhost/bai_tap_week1/read_number/" "Mozilla/5.0 (Windows NT 10.0; WOW64) AppleWebKit/537.36 (KHTML, like Gecko) coc_coc_browser/85.0.134 Chrome/79.0.3945.134 Safari/537.36"
::1 - - [06/Apr/2020:00:39:56 +0700] "POST /bai_tap_week1/read_number/ HTTP/1.1" 200 915 "http://localhost/bai_tap_week1/read_number/" "Mozilla/5.0 (Windows NT 10.0; WOW64) AppleWebKit/537.36 (KHTML, like Gecko) coc_coc_browser/85.0.134 Chrome/79.0.3945.134 Safari/537.36"
::1 - - [06/Apr/2020:00:40:01 +0700] "POST /bai_tap_week1/read_number/ HTTP/1.1" 200 917 "http://localhost/bai_tap_week1/read_number/" "Mozilla/5.0 (Windows NT 10.0; WOW64) AppleWebKit/537.36 (KHTML, like Gecko) coc_coc_browser/85.0.134 Chrome/79.0.3945.134 Safari/537.36"
::1 - - [06/Apr/2020:01:04:01 +0700] "GET /bai_tap_week1/future_value_calculator HTTP/1.1" 301 363 "-" "Mozilla/5.0 (Windows NT 10.0; WOW64) AppleWebKit/537.36 (KHTML, like Gecko) coc_coc_browser/85.0.134 Chrome/79.0.3945.134 Safari/537.36"
::1 - - [06/Apr/2020:01:04:01 +0700] "GET /bai_tap_week1/future_value_calculator/ HTTP/1.1" 200 1032 "-" "Mozilla/5.0 (Windows NT 10.0; WOW64) AppleWebKit/537.36 (KHTML, like Gecko) coc_coc_browser/85.0.134 Chrome/79.0.3945.134 Safari/537.36"
::1 - - [06/Apr/2020:01:04:01 +0700] "GET /bai_tap_week1/future_value_calculator/css.css HTTP/1.1" 200 438 "http://localhost/bai_tap_week1/future_value_calculator/" "Mozilla/5.0 (Windows NT 10.0; WOW64) AppleWebKit/537.36 (KHTML, like Gecko) coc_coc_browser/85.0.134 Chrome/79.0.3945.134 Safari/537.36"
::1 - - [06/Apr/2020:01:04:11 +0700] "POST /bai_tap_week1/future_value_calculator/ HTTP/1.1" 200 1032 "http://localhost/bai_tap_week1/future_value_calculator/" "Mozilla/5.0 (Windows NT 10.0; WOW64) AppleWebKit/537.36 (KHTML, like Gecko) coc_coc_browser/85.0.134 Chrome/79.0.3945.134 Safari/537.36"
::1 - - [06/Apr/2020:01:04:11 +0700] "GET /bai_tap_week1/future_value_calculator/css.css HTTP/1.1" 304 - "http://localhost/bai_tap_week1/future_value_calculator/" "Mozilla/5.0 (Windows NT 10.0; WOW64) AppleWebKit/537.36 (KHTML, like Gecko) coc_coc_browser/85.0.134 Chrome/79.0.3945.134 Safari/537.36"
::1 - - [06/Apr/2020:01:04:12 +0700] "POST /bai_tap_week1/future_value_calculator/ HTTP/1.1" 200 1032 "http://localhost/bai_tap_week1/future_value_calculator/" "Mozilla/5.0 (Windows NT 10.0; WOW64) AppleWebKit/537.36 (KHTML, like Gecko) coc_coc_browser/85.0.134 Chrome/79.0.3945.134 Safari/537.36"
::1 - - [06/Apr/2020:01:04:12 +0700] "POST /bai_tap_week1/future_value_calculator/ HTTP/1.1" 200 1032 "http://localhost/bai_tap_week1/future_value_calculator/" "Mozilla/5.0 (Windows NT 10.0; WOW64) AppleWebKit/537.36 (KHTML, like Gecko) coc_coc_browser/85.0.134 Chrome/79.0.3945.134 Safari/537.36"
::1 - - [06/Apr/2020:01:10:16 +0700] "POST /bai_tap_week1/future_value_calculator/ HTTP/1.1" 200 1025 "http://localhost/bai_tap_week1/future_value_calculator/" "Mozilla/5.0 (Windows NT 10.0; WOW64) AppleWebKit/537.36 (KHTML, like Gecko) coc_coc_browser/85.0.134 Chrome/79.0.3945.134 Safari/537.36"
::1 - - [06/Apr/2020:01:10:16 +0700] "GET /bai_tap_week1/future_value_calculator/css.css HTTP/1.1" 304 - "http://localhost/bai_tap_week1/future_value_calculator/" "Mozilla/5.0 (Windows NT 10.0; WOW64) AppleWebKit/537.36 (KHTML, like Gecko) coc_coc_browser/85.0.134 Chrome/79.0.3945.134 Safari/537.36"
::1 - - [06/Apr/2020:01:37:13 +0700] "POST /bai_tap_week1/future_value_calculator/ HTTP/1.1" 200 1023 "http://localhost/bai_tap_week1/future_value_calculator/" "Mozilla/5.0 (Windows NT 10.0; WOW64) AppleWebKit/537.36 (KHTML, like Gecko) coc_coc_browser/85.0.134 Chrome/79.0.3945.134 Safari/537.36"
::1 - - [06/Apr/2020:01:37:13 +0700] "GET /bai_tap_week1/future_value_calculator/css.css HTTP/1.1" 304 - "http://localhost/bai_tap_week1/future_value_calculator/" "Mozilla/5.0 (Windows NT 10.0; WOW64) AppleWebKit/537.36 (KHTML, like Gecko) coc_coc_browser/85.0.134 Chrome/79.0.3945.134 Safari/537.36"
::1 - - [06/Apr/2020:01:37:13 +0700] "GET /favicon.ico HTTP/1.1" 200 30894 "http://localhost/bai_tap_week1/future_value_calculator/" "Mozilla/5.0 (Windows NT 10.0; WOW64) AppleWebKit/537.36 (KHTML, like Gecko) coc_coc_browser/85.0.134 Chrome/79.0.3945.134 Safari/537.36"
::1 - - [06/Apr/2020:01:37:22 +0700] "POST /bai_tap_week1/future_value_calculator/action.php HTTP/1.1" 200 14 "http://localhost/bai_tap_week1/future_value_calculator/" "Mozilla/5.0 (Windows NT 10.0; WOW64) AppleWebKit/537.36 (KHTML, like Gecko) coc_coc_browser/85.0.134 Chrome/79.0.3945.134 Safari/537.36"
::1 - - [06/Apr/2020:01:38:07 +0700] "POST /bai_tap_week1/future_value_calculator/action.php HTTP/1.1" 200 30 "http://localhost/bai_tap_week1/future_value_calculator/" "Mozilla/5.0 (Windows NT 10.0; WOW64) AppleWebKit/537.36 (KHTML, like Gecko) coc_coc_browser/85.0.134 Chrome/79.0.3945.134 Safari/537.36"
::1 - - [06/Apr/2020:01:38:07 +0700] "GET /favicon.ico HTTP/1.1" 200 30894 "http://localhost/bai_tap_week1/future_value_calculator/action.php" "Mozilla/5.0 (Windows NT 10.0; WOW64) AppleWebKit/537.36 (KHTML, like Gecko) coc_coc_browser/85.0.134 Chrome/79.0.3945.134 Safari/537.36"
::1 - - [06/Apr/2020:01:39:18 +0700] "POST /bai_tap_week1/future_value_calculator/action.php HTTP/1.1" 200 27 "http://localhost/bai_tap_week1/future_value_calculator/" "Mozilla/5.0 (Windows NT 10.0; WOW64) AppleWebKit/537.36 (KHTML, like Gecko) coc_coc_browser/85.0.134 Chrome/79.0.3945.134 Safari/537.36"
::1 - - [06/Apr/2020:01:39:18 +0700] "GET /favicon.ico HTTP/1.1" 200 30894 "http://localhost/bai_tap_week1/future_value_calculator/action.php" "Mozilla/5.0 (Windows NT 10.0; WOW64) AppleWebKit/537.36 (KHTML, like Gecko) coc_coc_browser/85.0.134 Chrome/79.0.3945.134 Safari/537.36"
::1 - - [06/Apr/2020:01:40:40 +0700] "POST /bai_tap_week1/future_value_calculator/action.php HTTP/1.1" 200 29 "http://localhost/bai_tap_week1/future_value_calculator/" "Mozilla/5.0 (Windows NT 10.0; WOW64) AppleWebKit/537.36 (KHTML, like Gecko) coc_coc_browser/85.0.134 Chrome/79.0.3945.134 Safari/537.36"
::1 - - [06/Apr/2020:01:40:40 +0700] "GET /favicon.ico HTTP/1.1" 200 30894 "http://localhost/bai_tap_week1/future_value_calculator/action.php" "Mozilla/5.0 (Windows NT 10.0; WOW64) AppleWebKit/537.36 (KHTML, like Gecko) coc_coc_browser/85.0.134 Chrome/79.0.3945.134 Safari/537.36"
::1 - - [06/Apr/2020:01:47:19 +0700] "POST /bai_tap_week1/future_value_calculator/action.php HTTP/1.1" 200 29 "http://localhost/bai_tap_week1/future_value_calculator/" "Mozilla/5.0 (Windows NT 10.0; WOW64) AppleWebKit/537.36 (KHTML, like Gecko) coc_coc_browser/85.0.134 Chrome/79.0.3945.134 Safari/537.36"
::1 - - [06/Apr/2020:01:59:08 +0700] "GET /bai_tap_week1/read_number/ HTTP/1.1" 200 908 "-" "Mozilla/5.0 (Windows NT 10.0; WOW64) AppleWebKit/537.36 (KHTML, like Gecko) coc_coc_browser/85.0.134 Chrome/79.0.3945.134 Safari/537.36"
::1 - - [06/Apr/2020:01:59:52 +0700] "GET /bai_tap_week1/future_value_calculator/ HTTP/1.1" 200 1023 "-" "Mozilla/5.0 (Windows NT 10.0; WOW64) AppleWebKit/537.36 (KHTML, like Gecko) coc_coc_browser/85.0.134 Chrome/79.0.3945.134 Safari/537.36"
::1 - - [06/Apr/2020:01:59:52 +0700] "GET /bai_tap_week1/future_value_calculator/css.css HTTP/1.1" 304 - "http://localhost/bai_tap_week1/future_value_calculator/" "Mozilla/5.0 (Windows NT 10.0; WOW64) AppleWebKit/537.36 (KHTML, like Gecko) coc_coc_browser/85.0.134 Chrome/79.0.3945.134 Safari/537.36"
::1 - - [06/Apr/2020:02:00:02 +0700] "POST /bai_tap_week1/future_value_calculator/action.php HTTP/1.1" 200 157 "http://localhost/bai_tap_week1/future_value_calculator/" "Mozilla/5.0 (Windows NT 10.0; WOW64) AppleWebKit/537.36 (KHTML, like Gecko) coc_coc_browser/85.0.134 Chrome/79.0.3945.134 Safari/537.36"
::1 - - [06/Apr/2020:02:00:42 +0700] "POST /bai_tap_week1/future_value_calculator/action.php HTTP/1.1" 200 156 "http://localhost/bai_tap_week1/future_value_calculator/" "Mozilla/5.0 (Windows NT 10.0; WOW64) AppleWebKit/537.36 (KHTML, like Gecko) coc_coc_browser/85.0.134 Chrome/79.0.3945.134 Safari/537.36"
::1 - - [06/Apr/2020:02:00:42 +0700] "GET /favicon.ico HTTP/1.1" 200 30894 "http://localhost/bai_tap_week1/future_value_calculator/action.php" "Mozilla/5.0 (Windows NT 10.0; WOW64) AppleWebKit/537.36 (KHTML, like Gecko) coc_coc_browser/85.0.134 Chrome/79.0.3945.134 Safari/537.36"
::1 - - [06/Apr/2020:02:01:10 +0700] "POST /bai_tap_week1/future_value_calculator/action.php HTTP/1.1" 200 156 "http://localhost/bai_tap_week1/future_value_calculator/" "Mozilla/5.0 (Windows NT 10.0; WOW64) AppleWebKit/537.36 (KHTML, like Gecko) coc_coc_browser/85.0.134 Chrome/79.0.3945.134 Safari/537.36"
::1 - - [06/Apr/2020:02:01:10 +0700] "GET /favicon.ico HTTP/1.1" 200 30894 "http://localhost/bai_tap_week1/future_value_calculator/action.php" "Mozilla/5.0 (Windows NT 10.0; WOW64) AppleWebKit/537.36 (KHTML, like Gecko) coc_coc_browser/85.0.134 Chrome/79.0.3945.134 Safari/537.36"
::1 - - [06/Apr/2020:02:07:53 +0700] "GET /bai_tap_week1/read_number/ HTTP/1.1" 200 908 "-" "Mozilla/5.0 (Windows NT 10.0; WOW64) AppleWebKit/537.36 (KHTML, like Gecko) coc_coc_browser/85.0.134 Chrome/79.0.3945.134 Safari/537.36"
::1 - - [06/Apr/2020:02:08:12 +0700] "GET /bai_tap_week1/Product_Discount_Calculator HTTP/1.1" 301 367 "-" "Mozilla/5.0 (Windows NT 10.0; WOW64) AppleWebKit/537.36 (KHTML, like Gecko) coc_coc_browser/85.0.134 Chrome/79.0.3945.134 Safari/537.36"
::1 - - [06/Apr/2020:02:08:12 +0700] "GET /bai_tap_week1/Product_Discount_Calculator/ HTTP/1.1" 200 1020 "-" "Mozilla/5.0 (Windows NT 10.0; WOW64) AppleWebKit/537.36 (KHTML, like Gecko) coc_coc_browser/85.0.134 Chrome/79.0.3945.134 Safari/537.36"
::1 - - [06/Apr/2020:02:08:12 +0700] "GET /bai_tap_week1/Product_Discount_Calculator/css.css HTTP/1.1" 200 409 "http://localhost/bai_tap_week1/Product_Discount_Calculator/" "Mozilla/5.0 (Windows NT 10.0; WOW64) AppleWebKit/537.36 (KHTML, like Gecko) coc_coc_browser/85.0.134 Chrome/79.0.3945.134 Safari/537.36"
::1 - - [06/Apr/2020:02:08:19 +0700] "POST /bai_tap_week1/Product_Discount_Calculator/action.php HTTP/1.1" 200 614 "http://localhost/bai_tap_week1/Product_Discount_Calculator/" "Mozilla/5.0 (Windows NT 10.0; WOW64) AppleWebKit/537.36 (KHTML, like Gecko) coc_coc_browser/85.0.134 Chrome/79.0.3945.134 Safari/537.36"
::1 - - [06/Apr/2020:02:09:21 +0700] "POST /bai_tap_week1/Product_Discount_Calculator/action.php HTTP/1.1" 200 614 "http://localhost/bai_tap_week1/Product_Discount_Calculator/" "Mozilla/5.0 (Windows NT 10.0; WOW64) AppleWebKit/537.36 (KHTML, like Gecko) coc_coc_browser/85.0.134 Chrome/79.0.3945.134 Safari/537.36"
::1 - - [06/Apr/2020:02:09:21 +0700] "GET /bai_tap_week1/Product_Discount_Calculator/css.css HTTP/1.1" 304 - "http://localhost/bai_tap_week1/Product_Discount_Calculator/action.php" "Mozilla/5.0 (Windows NT 10.0; WOW64) AppleWebKit/537.36 (KHTML, like Gecko) coc_coc_browser/85.0.134 Chrome/79.0.3945.134 Safari/537.36"
::1 - - [06/Apr/2020:02:09:21 +0700] "GET /favicon.ico HTTP/1.1" 200 30894 "http://localhost/bai_tap_week1/Product_Discount_Calculator/action.php" "Mozilla/5.0 (Windows NT 10.0; WOW64) AppleWebKit/537.36 (KHTML, like Gecko) coc_coc_browser/85.0.134 Chrome/79.0.3945.134 Safari/537.36"
::1 - - [06/Apr/2020:02:14:08 +0700] "GET /bai_tap_week1/Product_Discount_Calculator/ HTTP/1.1" 200 1020 "-" "Mozilla/5.0 (Windows NT 10.0; WOW64) AppleWebKit/537.36 (KHTML, like Gecko) coc_coc_browser/85.0.134 Chrome/79.0.3945.134 Safari/537.36"
::1 - - [06/Apr/2020:02:14:08 +0700] "GET /bai_tap_week1/Product_Discount_Calculator/css.css HTTP/1.1" 304 - "http://localhost/bai_tap_week1/Product_Discount_Calculator/" "Mozilla/5.0 (Windows NT 10.0; WOW64) AppleWebKit/537.36 (KHTML, like Gecko) coc_coc_browser/85.0.134 Chrome/79.0.3945.134 Safari/537.36"
::1 - - [06/Apr/2020:02:14:08 +0700] "GET /favicon.ico HTTP/1.1" 200 30894 "http://localhost/bai_tap_week1/Product_Discount_Calculator/" "Mozilla/5.0 (Windows NT 10.0; WOW64) AppleWebKit/537.36 (KHTML, like Gecko) coc_coc_browser/85.0.134 Chrome/79.0.3945.134 Safari/537.36"
::1 - - [06/Apr/2020:02:14:18 +0700] "POST /bai_tap_week1/Product_Discount_Calculator/action.php HTTP/1.1" 200 614 "http://localhost/bai_tap_week1/Product_Discount_Calculator/" "Mozilla/5.0 (Windows NT 10.0; WOW64) AppleWebKit/537.36 (KHTML, like Gecko) coc_coc_browser/85.0.134 Chrome/79.0.3945.134 Safari/537.36"
::1 - - [06/Apr/2020:02:23:21 +0700] "POST /bai_tap_week1/Product_Discount_Calculator/action.php HTTP/1.1" 200 561 "http://localhost/bai_tap_week1/Product_Discount_Calculator/" "Mozilla/5.0 (Windows NT 10.0; WOW64) AppleWebKit/537.36 (KHTML, like Gecko) coc_coc_browser/85.0.134 Chrome/79.0.3945.134 Safari/537.36"
::1 - - [06/Apr/2020:02:23:21 +0700] "GET /bai_tap_week1/Product_Discount_Calculator/css.css HTTP/1.1" 304 - "http://localhost/bai_tap_week1/Product_Discount_Calculator/action.php" "Mozilla/5.0 (Windows NT 10.0; WOW64) AppleWebKit/537.36 (KHTML, like Gecko) coc_coc_browser/85.0.134 Chrome/79.0.3945.134 Safari/537.36"
::1 - - [06/Apr/2020:02:23:21 +0700] "GET /favicon.ico HTTP/1.1" 200 30894 "http://localhost/bai_tap_week1/Product_Discount_Calculator/action.php" "Mozilla/5.0 (Windows NT 10.0; WOW64) AppleWebKit/537.36 (KHTML, like Gecko) coc_coc_browser/85.0.134 Chrome/79.0.3945.134 Safari/537.36"
::1 - - [06/Apr/2020:02:24:14 +0700] "POST /bai_tap_week1/Product_Discount_Calculator/action.php HTTP/1.1" 200 558 "http://localhost/bai_tap_week1/Product_Discount_Calculator/" "Mozilla/5.0 (Windows NT 10.0; WOW64) AppleWebKit/537.36 (KHTML, like Gecko) coc_coc_browser/85.0.134 Chrome/79.0.3945.134 Safari/537.36"
::1 - - [06/Apr/2020:02:24:15 +0700] "GET /favicon.ico HTTP/1.1" 200 30894 "http://localhost/bai_tap_week1/Product_Discount_Calculator/action.php" "Mozilla/5.0 (Windows NT 10.0; WOW64) AppleWebKit/537.36 (KHTML, like Gecko) coc_coc_browser/85.0.134 Chrome/79.0.3945.134 Safari/537.36"
::1 - - [06/Apr/2020:02:32:19 +0700] "GET /bai_tap_week1/calculator HTTP/1.1" 301 350 "-" "Mozilla/5.0 (Windows NT 10.0; WOW64) AppleWebKit/537.36 (KHTML, like Gecko) coc_coc_browser/85.0.134 Chrome/79.0.3945.134 Safari/537.36"
::1 - - [06/Apr/2020:02:32:19 +0700] "GET /bai_tap_week1/calculator/ HTTP/1.1" 200 1429 "-" "Mozilla/5.0 (Windows NT 10.0; WOW64) AppleWebKit/537.36 (KHTML, like Gecko) coc_coc_browser/85.0.134 Chrome/79.0.3945.134 Safari/537.36"
::1 - - [06/Apr/2020:02:32:37 +0700] "POST /bai_tap_week1/calculator/ HTTP/1.1" 200 1429 "http://localhost/bai_tap_week1/calculator/" "Mozilla/5.0 (Windows NT 10.0; WOW64) AppleWebKit/537.36 (KHTML, like Gecko) coc_coc_browser/85.0.134 Chrome/79.0.3945.134 Safari/537.36"
::1 - - [06/Apr/2020:02:32:45 +0700] "POST /bai_tap_week1/calculator/ HTTP/1.1" 200 1429 "http://localhost/bai_tap_week1/calculator/" "Mozilla/5.0 (Windows NT 10.0; WOW64) AppleWebKit/537.36 (KHTML, like Gecko) coc_coc_browser/85.0.134 Chrome/79.0.3945.134 Safari/537.36"
::1 - - [06/Apr/2020:02:32:53 +0700] "POST /bai_tap_week1/calculator/ HTTP/1.1" 200 1429 "http://localhost/bai_tap_week1/calculator/" "Mozilla/5.0 (Windows NT 10.0; WOW64) AppleWebKit/537.36 (KHTML, like Gecko) coc_coc_browser/85.0.134 Chrome/79.0.3945.134 Safari/537.36"
::1 - - [06/Apr/2020:02:51:03 +0700] "POST /bai_tap_week1/calculator/ HTTP/1.1" 200 1608 "http://localhost/bai_tap_week1/calculator/" "Mozilla/5.0 (Windows NT 10.0; WOW64) AppleWebKit/537.36 (KHTML, like Gecko) coc_coc_browser/85.0.134 Chrome/79.0.3945.134 Safari/537.36"
::1 - - [06/Apr/2020:02:51:03 +0700] "GET /favicon.ico HTTP/1.1" 200 30894 "http://localhost/bai_tap_week1/calculator/" "Mozilla/5.0 (Windows NT 10.0; WOW64) AppleWebKit/537.36 (KHTML, like Gecko) coc_coc_browser/85.0.134 Chrome/79.0.3945.134 Safari/537.36"
::1 - - [06/Apr/2020:02:51:10 +0700] "POST /bai_tap_week1/calculator/ HTTP/1.1" 200 1474 "http://localhost/bai_tap_week1/calculator/" "Mozilla/5.0 (Windows NT 10.0; WOW64) AppleWebKit/537.36 (KHTML, like Gecko) coc_coc_browser/85.0.134 Chrome/79.0.3945.134 Safari/537.36"
::1 - - [06/Apr/2020:02:51:13 +0700] "POST /bai_tap_week1/calculator/ HTTP/1.1" 200 1473 "http://localhost/bai_tap_week1/calculator/" "Mozilla/5.0 (Windows NT 10.0; WOW64) AppleWebKit/537.36 (KHTML, like Gecko) coc_coc_browser/85.0.134 Chrome/79.0.3945.134 Safari/537.36"
::1 - - [06/Apr/2020:02:51:19 +0700] "POST /bai_tap_week1/calculator/ HTTP/1.1" 200 1473 "http://localhost/bai_tap_week1/calculator/" "Mozilla/5.0 (Windows NT 10.0; WOW64) AppleWebKit/537.36 (KHTML, like Gecko) coc_coc_browser/85.0.134 Chrome/79.0.3945.134 Safari/537.36"
::1 - - [06/Apr/2020:02:55:56 +0700] "POST /bai_tap_week1/calculator/ HTTP/1.1" 200 1513 "http://localhost/bai_tap_week1/calculator/" "Mozilla/5.0 (Windows NT 10.0; WOW64) AppleWebKit/537.36 (KHTML, like Gecko) coc_coc_browser/85.0.134 Chrome/79.0.3945.134 Safari/537.36"
::1 - - [06/Apr/2020:02:55:57 +0700] "POST /bai_tap_week1/calculator/ HTTP/1.1" 200 1513 "http://localhost/bai_tap_week1/calculator/" "Mozilla/5.0 (Windows NT 10.0; WOW64) AppleWebKit/537.36 (KHTML, like Gecko) coc_coc_browser/85.0.134 Chrome/79.0.3945.134 Safari/537.36"
::1 - - [06/Apr/2020:02:55:57 +0700] "POST /bai_tap_week1/calculator/ HTTP/1.1" 200 1513 "http://localhost/bai_tap_week1/calculator/" "Mozilla/5.0 (Windows NT 10.0; WOW64) AppleWebKit/537.36 (KHTML, like Gecko) coc_coc_browser/85.0.134 Chrome/79.0.3945.134 Safari/537.36"
::1 - - [06/Apr/2020:02:55:58 +0700] "POST /bai_tap_week1/calculator/ HTTP/1.1" 200 1513 "http://localhost/bai_tap_week1/calculator/" "Mozilla/5.0 (Windows NT 10.0; WOW64) AppleWebKit/537.36 (KHTML, like Gecko) coc_coc_browser/85.0.134 Chrome/79.0.3945.134 Safari/537.36"
::1 - - [06/Apr/2020:02:55:58 +0700] "POST /bai_tap_week1/calculator/ HTTP/1.1" 200 1513 "http://localhost/bai_tap_week1/calculator/" "Mozilla/5.0 (Windows NT 10.0; WOW64) AppleWebKit/537.36 (KHTML, like Gecko) coc_coc_browser/85.0.134 Chrome/79.0.3945.134 Safari/537.36"
::1 - - [06/Apr/2020:02:55:58 +0700] "POST /bai_tap_week1/calculator/ HTTP/1.1" 200 1513 "http://localhost/bai_tap_week1/calculator/" "Mozilla/5.0 (Windows NT 10.0; WOW64) AppleWebKit/537.36 (KHTML, like Gecko) coc_coc_browser/85.0.134 Chrome/79.0.3945.134 Safari/537.36"
::1 - - [06/Apr/2020:02:56:58 +0700] "POST /bai_tap_week1/calculator/ HTTP/1.1" 200 1511 "http://localhost/bai_tap_week1/calculator/" "Mozilla/5.0 (Windows NT 10.0; WOW64) AppleWebKit/537.36 (KHTML, like Gecko) coc_coc_browser/85.0.134 Chrome/79.0.3945.134 Safari/537.36"
::1 - - [06/Apr/2020:02:56:58 +0700] "GET /favicon.ico HTTP/1.1" 200 30894 "http://localhost/bai_tap_week1/calculator/" "Mozilla/5.0 (Windows NT 10.0; WOW64) AppleWebKit/537.36 (KHTML, like Gecko) coc_coc_browser/85.0.134 Chrome/79.0.3945.134 Safari/537.36"
::1 - - [06/Apr/2020:02:57:26 +0700] "POST /bai_tap_week1/calculator/ HTTP/1.1" 200 1511 "http://localhost/bai_tap_week1/calculator/" "Mozilla/5.0 (Windows NT 10.0; WOW64) AppleWebKit/537.36 (KHTML, like Gecko) coc_coc_browser/85.0.134 Chrome/79.0.3945.134 Safari/537.36"
::1 - - [06/Apr/2020:02:57:26 +0700] "GET /favicon.ico HTTP/1.1" 200 30894 "http://localhost/bai_tap_week1/calculator/" "Mozilla/5.0 (Windows NT 10.0; WOW64) AppleWebKit/537.36 (KHTML, like Gecko) coc_coc_browser/85.0.134 Chrome/79.0.3945.134 Safari/537.36"
::1 - - [06/Apr/2020:02:57:30 +0700] "POST /bai_tap_week1/calculator/ HTTP/1.1" 200 1511 "http://localhost/bai_tap_week1/calculator/" "Mozilla/5.0 (Windows NT 10.0; WOW64) AppleWebKit/537.36 (KHTML, like Gecko) coc_coc_browser/85.0.134 Chrome/79.0.3945.134 Safari/537.36"
::1 - - [06/Apr/2020:02:57:31 +0700] "POST /bai_tap_week1/calculator/ HTTP/1.1" 200 1511 "http://localhost/bai_tap_week1/calculator/" "Mozilla/5.0 (Windows NT 10.0; WOW64) AppleWebKit/537.36 (KHTML, like Gecko) coc_coc_browser/85.0.134 Chrome/79.0.3945.134 Safari/537.36"
::1 - - [06/Apr/2020:02:57:31 +0700] "POST /bai_tap_week1/calculator/ HTTP/1.1" 200 1511 "http://localhost/bai_tap_week1/calculator/" "Mozilla/5.0 (Windows NT 10.0; WOW64) AppleWebKit/537.36 (KHTML, like Gecko) coc_coc_browser/85.0.134 Chrome/79.0.3945.134 Safari/537.36"
::1 - - [06/Apr/2020:03:00:42 +0700] "POST /bai_tap_week1/calculator/ HTTP/1.1" 200 1085 "http://localhost/bai_tap_week1/calculator/" "Mozilla/5.0 (Windows NT 10.0; WOW64) AppleWebKit/537.36 (KHTML, like Gecko) coc_coc_browser/85.0.134 Chrome/79.0.3945.134 Safari/537.36"
::1 - - [06/Apr/2020:03:00:42 +0700] "GET /favicon.ico HTTP/1.1" 200 30894 "http://localhost/bai_tap_week1/calculator/" "Mozilla/5.0 (Windows NT 10.0; WOW64) AppleWebKit/537.36 (KHTML, like Gecko) coc_coc_browser/85.0.134 Chrome/79.0.3945.134 Safari/537.36"
::1 - - [06/Apr/2020:03:04:39 +0700] "POST /bai_tap_week1/calculator/ HTTP/1.1" 200 1117 "http://localhost/bai_tap_week1/calculator/" "Mozilla/5.0 (Windows NT 10.0; WOW64) AppleWebKit/537.36 (KHTML, like Gecko) coc_coc_browser/85.0.134 Chrome/79.0.3945.134 Safari/537.36"
::1 - - [06/Apr/2020:03:04:39 +0700] "GET /favicon.ico HTTP/1.1" 200 30894 "http://localhost/bai_tap_week1/calculator/" "Mozilla/5.0 (Windows NT 10.0; WOW64) AppleWebKit/537.36 (KHTML, like Gecko) coc_coc_browser/85.0.134 Chrome/79.0.3945.134 Safari/537.36"
::1 - - [06/Apr/2020:03:05:13 +0700] "POST /bai_tap_week1/calculator/ HTTP/1.1" 200 1133 "http://localhost/bai_tap_week1/calculator/" "Mozilla/5.0 (Windows NT 10.0; WOW64) AppleWebKit/537.36 (KHTML, like Gecko) coc_coc_browser/85.0.134 Chrome/79.0.3945.134 Safari/537.36"
::1 - - [06/Apr/2020:03:05:13 +0700] "GET /favicon.ico HTTP/1.1" 200 30894 "http://localhost/bai_tap_week1/calculator/" "Mozilla/5.0 (Windows NT 10.0; WOW64) AppleWebKit/537.36 (KHTML, like Gecko) coc_coc_browser/85.0.134 Chrome/79.0.3945.134 Safari/537.36"
::1 - - [06/Apr/2020:03:12:13 +0700] "POST /bai_tap_week1/calculator/ HTTP/1.1" 200 1664 "http://localhost/bai_tap_week1/calculator/" "Mozilla/5.0 (Windows NT 10.0; WOW64) AppleWebKit/537.36 (KHTML, like Gecko) coc_coc_browser/85.0.134 Chrome/79.0.3945.134 Safari/537.36"
::1 - - [06/Apr/2020:03:12:13 +0700] "GET /favicon.ico HTTP/1.1" 200 30894 "http://localhost/bai_tap_week1/calculator/" "Mozilla/5.0 (Windows NT 10.0; WOW64) AppleWebKit/537.36 (KHTML, like Gecko) coc_coc_browser/85.0.134 Chrome/79.0.3945.134 Safari/537.36"
::1 - - [06/Apr/2020:03:14:32 +0700] "POST /bai_tap_week1/calculator/ HTTP/1.1" 200 1620 "http://localhost/bai_tap_week1/calculator/" "Mozilla/5.0 (Windows NT 10.0; WOW64) AppleWebKit/537.36 (KHTML, like Gecko) coc_coc_browser/85.0.134 Chrome/79.0.3945.134 Safari/537.36"
::1 - - [06/Apr/2020:03:14:32 +0700] "GET /favicon.ico HTTP/1.1" 200 30894 "http://localhost/bai_tap_week1/calculator/" "Mozilla/5.0 (Windows NT 10.0; WOW64) AppleWebKit/537.36 (KHTML, like Gecko) coc_coc_browser/85.0.134 Chrome/79.0.3945.134 Safari/537.36"
::1 - - [06/Apr/2020:03:14:41 +0700] "POST /bai_tap_week1/calculator/ HTTP/1.1" 200 1209 "http://localhost/bai_tap_week1/calculator/" "Mozilla/5.0 (Windows NT 10.0; WOW64) AppleWebKit/537.36 (KHTML, like Gecko) coc_coc_browser/85.0.134 Chrome/79.0.3945.134 Safari/537.36"
::1 - - [06/Apr/2020:03:14:49 +0700] "POST /bai_tap_week1/calculator/ HTTP/1.1" 200 1210 "http://localhost/bai_tap_week1/calculator/" "Mozilla/5.0 (Windows NT 10.0; WOW64) AppleWebKit/537.36 (KHTML, like Gecko) coc_coc_browser/85.0.134 Chrome/79.0.3945.134 Safari/537.36"
::1 - - [06/Apr/2020:03:15:55 +0700] "POST /bai_tap_week1/calculator/ HTTP/1.1" 200 1449 "http://localhost/bai_tap_week1/calculator/" "Mozilla/5.0 (Windows NT 10.0; WOW64) AppleWebKit/537.36 (KHTML, like Gecko) coc_coc_browser/85.0.134 Chrome/79.0.3945.134 Safari/537.36"
::1 - - [06/Apr/2020:03:15:55 +0700] "GET /favicon.ico HTTP/1.1" 200 30894 "http://localhost/bai_tap_week1/calculator/" "Mozilla/5.0 (Windows NT 10.0; WOW64) AppleWebKit/537.36 (KHTML, like Gecko) coc_coc_browser/85.0.134 Chrome/79.0.3945.134 Safari/537.36"
::1 - - [06/Apr/2020:03:16:42 +0700] "POST /bai_tap_week1/calculator/ HTTP/1.1" 200 1461 "http://localhost/bai_tap_week1/calculator/" "Mozilla/5.0 (Windows NT 10.0; WOW64) AppleWebKit/537.36 (KHTML, like Gecko) coc_coc_browser/85.0.134 Chrome/79.0.3945.134 Safari/537.36"
::1 - - [06/Apr/2020:03:16:42 +0700] "GET /favicon.ico HTTP/1.1" 200 30894 "http://localhost/bai_tap_week1/calculator/" "Mozilla/5.0 (Windows NT 10.0; WOW64) AppleWebKit/537.36 (KHTML, like Gecko) coc_coc_browser/85.0.134 Chrome/79.0.3945.134 Safari/537.36"
::1 - - [06/Apr/2020:03:16:50 +0700] "POST /bai_tap_week1/calculator/ HTTP/1.1" 200 1460 "http://localhost/bai_tap_week1/calculator/" "Mozilla/5.0 (Windows NT 10.0; WOW64) AppleWebKit/537.36 (KHTML, like Gecko) coc_coc_browser/85.0.134 Chrome/79.0.3945.134 Safari/537.36"
::1 - - [06/Apr/2020:03:16:51 +0700] "POST /bai_tap_week1/calculator/ HTTP/1.1" 200 1741 "http://localhost/bai_tap_week1/calculator/" "Mozilla/5.0 (Windows NT 10.0; WOW64) AppleWebKit/537.36 (KHTML, like Gecko) coc_coc_browser/85.0.134 Chrome/79.0.3945.134 Safari/537.36"
::1 - - [06/Apr/2020:03:16:51 +0700] "POST /bai_tap_week1/calculator/ HTTP/1.1" 200 1741 "http://localhost/bai_tap_week1/calculator/" "Mozilla/5.0 (Windows NT 10.0; WOW64) AppleWebKit/537.36 (KHTML, like Gecko) coc_coc_browser/85.0.134 Chrome/79.0.3945.134 Safari/537.36"
::1 - - [06/Apr/2020:03:16:51 +0700] "POST /bai_tap_week1/calculator/ HTTP/1.1" 200 1741 "http://localhost/bai_tap_week1/calculator/" "Mozilla/5.0 (Windows NT 10.0; WOW64) AppleWebKit/537.36 (KHTML, like Gecko) coc_coc_browser/85.0.134 Chrome/79.0.3945.134 Safari/537.36"
::1 - - [06/Apr/2020:03:16:51 +0700] "POST /bai_tap_week1/calculator/ HTTP/1.1" 200 1741 "http://localhost/bai_tap_week1/calculator/" "Mozilla/5.0 (Windows NT 10.0; WOW64) AppleWebKit/537.36 (KHTML, like Gecko) coc_coc_browser/85.0.134 Chrome/79.0.3945.134 Safari/537.36"
::1 - - [06/Apr/2020:03:16:56 +0700] "POST /bai_tap_week1/calculator/ HTTP/1.1" 200 1461 "http://localhost/bai_tap_week1/calculator/" "Mozilla/5.0 (Windows NT 10.0; WOW64) AppleWebKit/537.36 (KHTML, like Gecko) coc_coc_browser/85.0.134 Chrome/79.0.3945.134 Safari/537.36"
::1 - - [06/Apr/2020:03:17:20 +0700] "POST /bai_tap_week1/calculator/ HTTP/1.1" 200 1237 "http://localhost/bai_tap_week1/calculator/" "Mozilla/5.0 (Windows NT 10.0; WOW64) AppleWebKit/537.36 (KHTML, like Gecko) coc_coc_browser/85.0.134 Chrome/79.0.3945.134 Safari/537.36"
::1 - - [06/Apr/2020:03:17:20 +0700] "GET /favicon.ico HTTP/1.1" 200 30894 "http://localhost/bai_tap_week1/calculator/" "Mozilla/5.0 (Windows NT 10.0; WOW64) AppleWebKit/537.36 (KHTML, like Gecko) coc_coc_browser/85.0.134 Chrome/79.0.3945.134 Safari/537.36"
::1 - - [06/Apr/2020:09:58:58 +0700] "GET /thuc_hanh_week1/login/ HTTP/1.1" 200 939 "-" "Mozilla/5.0 (Windows NT 10.0; WOW64) AppleWebKit/537.36 (KHTML, like Gecko) coc_coc_browser/85.0.134 Chrome/79.0.3945.134 Safari/537.36"
::1 - - [06/Apr/2020:09:59:52 +0700] "GET /bai_tap_tren_lop/tim_phan_tu_xuat_hien_trong_2_mang HTTP/1.1" 301 377 "-" "Mozilla/5.0 (Windows NT 10.0; WOW64) AppleWebKit/537.36 (KHTML, like Gecko) coc_coc_browser/85.0.134 Chrome/79.0.3945.134 Safari/537.36"
::1 - - [06/Apr/2020:09:59:52 +0700] "GET /bai_tap_tren_lop/tim_phan_tu_xuat_hien_trong_2_mang/ HTTP/1.1" 200 8 "-" "Mozilla/5.0 (Windows NT 10.0; WOW64) AppleWebKit/537.36 (KHTML, like Gecko) coc_coc_browser/85.0.134 Chrome/79.0.3945.134 Safari/537.36"
::1 - - [06/Apr/2020:10:01:54 +0700] "GET /bai_tap_tren_lop/tim_phan_tu_xuat_hien_trong_2_mang/ HTTP/1.1" 200 16 "-" "Mozilla/5.0 (Windows NT 10.0; WOW64) AppleWebKit/537.36 (KHTML, like Gecko) coc_coc_browser/85.0.134 Chrome/79.0.3945.134 Safari/537.36"
::1 - - [06/Apr/2020:10:01:54 +0700] "GET /favicon.ico HTTP/1.1" 200 30894 "http://localhost/bai_tap_tren_lop/tim_phan_tu_xuat_hien_trong_2_mang/" "Mozilla/5.0 (Windows NT 10.0; WOW64) AppleWebKit/537.36 (KHTML, like Gecko) coc_coc_browser/85.0.134 Chrome/79.0.3945.134 Safari/537.36"
::1 - - [07/Apr/2020:13:52:28 +0700] "GET /bai_tap_tren_lop/tim_phan_tu_xuat_hien_trong_2_mang/ HTTP/1.1" 200 16 "-" "Mozilla/5.0 (Windows NT 10.0; WOW64) AppleWebKit/537.36 (KHTML, like Gecko) coc_coc_browser/85.0.134 Chrome/79.0.3945.134 Safari/537.36"
::1 - - [07/Apr/2020:13:52:28 +0700] "GET /favicon.ico HTTP/1.1" 200 30894 "http://localhost/bai_tap_tren_lop/tim_phan_tu_xuat_hien_trong_2_mang/" "Mozilla/5.0 (Windows NT 10.0; WOW64) AppleWebKit/537.36 (KHTML, like Gecko) coc_coc_browser/85.0.134 Chrome/79.0.3945.134 Safari/537.36"
::1 - - [07/Apr/2020:13:52:48 +0700] "GET /thuc_hanh_week1/loc_danh_sach HTTP/1.1" 301 355 "-" "Mozilla/5.0 (Windows NT 10.0; WOW64) AppleWebKit/537.36 (KHTML, like Gecko) coc_coc_browser/85.0.134 Chrome/79.0.3945.134 Safari/537.36"
::1 - - [07/Apr/2020:13:52:48 +0700] "GET /thuc_hanh_week1/loc_danh_sach/ HTTP/1.1" 200 1781 "-" "Mozilla/5.0 (Windows NT 10.0; WOW64) AppleWebKit/537.36 (KHTML, like Gecko) coc_coc_browser/85.0.134 Chrome/79.0.3945.134 Safari/537.36"
::1 - - [07/Apr/2020:13:52:48 +0700] "GET /thuc_hanh_week1/loc_danh_sach/css.css HTTP/1.1" 200 533 "http://localhost/thuc_hanh_week1/loc_danh_sach/" "Mozilla/5.0 (Windows NT 10.0; WOW64) AppleWebKit/537.36 (KHTML, like Gecko) coc_coc_browser/85.0.134 Chrome/79.0.3945.134 Safari/537.36"
::1 - - [07/Apr/2020:13:52:48 +0700] "GET /thuc_hanh_week1/list_of_customers/pictures/cat2.jpg HTTP/1.1" 304 - "http://localhost/thuc_hanh_week1/loc_danh_sach/" "Mozilla/5.0 (Windows NT 10.0; WOW64) AppleWebKit/537.36 (KHTML, like Gecko) coc_coc_browser/85.0.134 Chrome/79.0.3945.134 Safari/537.36"
::1 - - [07/Apr/2020:13:52:48 +0700] "GET /thuc_hanh_week1/list_of_customers/pictures/cat3.jpg HTTP/1.1" 304 - "http://localhost/thuc_hanh_week1/loc_danh_sach/" "Mozilla/5.0 (Windows NT 10.0; WOW64) AppleWebKit/537.36 (KHTML, like Gecko) coc_coc_browser/85.0.134 Chrome/79.0.3945.134 Safari/537.36"
::1 - - [07/Apr/2020:13:52:48 +0700] "GET /thuc_hanh_week1/list_of_customers/pictures/cat5.jpg HTTP/1.1" 304 - "http://localhost/thuc_hanh_week1/loc_danh_sach/" "Mozilla/5.0 (Windows NT 10.0; WOW64) AppleWebKit/537.36 (KHTML, like Gecko) coc_coc_browser/85.0.134 Chrome/79.0.3945.134 Safari/537.36"
::1 - - [07/Apr/2020:13:52:48 +0700] "GET /thuc_hanh_week1/list_of_customers/pictures/cat1.jpg HTTP/1.1" 304 - "http://localhost/thuc_hanh_week1/loc_danh_sach/" "Mozilla/5.0 (Windows NT 10.0; WOW64) AppleWebKit/537.36 (KHTML, like Gecko) coc_coc_browser/85.0.134 Chrome/79.0.3945.134 Safari/537.36"
::1 - - [07/Apr/2020:13:52:48 +0700] "GET /thuc_hanh_week1/list_of_customers/pictures/cat4.jpg HTTP/1.1" 304 - "http://localhost/thuc_hanh_week1/loc_danh_sach/" "Mozilla/5.0 (Windows NT 10.0; WOW64) AppleWebKit/537.36 (KHTML, like Gecko) coc_coc_browser/85.0.134 Chrome/79.0.3945.134 Safari/537.36"
::1 - - [07/Apr/2020:13:52:51 +0700] "POST /thuc_hanh_week1/loc_danh_sach/ HTTP/1.1" 200 1781 "http://localhost/thuc_hanh_week1/loc_danh_sach/" "Mozilla/5.0 (Windows NT 10.0; WOW64) AppleWebKit/537.36 (KHTML, like Gecko) coc_coc_browser/85.0.134 Chrome/79.0.3945.134 Safari/537.36"
::1 - - [07/Apr/2020:13:52:52 +0700] "POST /thuc_hanh_week1/loc_danh_sach/ HTTP/1.1" 200 1781 "http://localhost/thuc_hanh_week1/loc_danh_sach/" "Mozilla/5.0 (Windows NT 10.0; WOW64) AppleWebKit/537.36 (KHTML, like Gecko) coc_coc_browser/85.0.134 Chrome/79.0.3945.134 Safari/537.36"
::1 - - [07/Apr/2020:13:52:52 +0700] "POST /thuc_hanh_week1/loc_danh_sach/ HTTP/1.1" 200 1781 "http://localhost/thuc_hanh_week1/loc_danh_sach/" "Mozilla/5.0 (Windows NT 10.0; WOW64) AppleWebKit/537.36 (KHTML, like Gecko) coc_coc_browser/85.0.134 Chrome/79.0.3945.134 Safari/537.36"
::1 - - [07/Apr/2020:14:08:49 +0700] "POST /thuc_hanh_week1/loc_danh_sach/ HTTP/1.1" 200 3075 "http://localhost/thuc_hanh_week1/loc_danh_sach/" "Mozilla/5.0 (Windows NT 10.0; WOW64) AppleWebKit/537.36 (KHTML, like Gecko) coc_coc_browser/85.0.134 Chrome/79.0.3945.134 Safari/537.36"
::1 - - [07/Apr/2020:14:08:49 +0700] "GET /favicon.ico HTTP/1.1" 200 30894 "http://localhost/thuc_hanh_week1/loc_danh_sach/" "Mozilla/5.0 (Windows NT 10.0; WOW64) AppleWebKit/537.36 (KHTML, like Gecko) coc_coc_browser/85.0.134 Chrome/79.0.3945.134 Safari/537.36"
::1 - - [07/Apr/2020:14:09:31 +0700] "POST /thuc_hanh_week1/loc_danh_sach/ HTTP/1.1" 200 3095 "http://localhost/thuc_hanh_week1/loc_danh_sach/" "Mozilla/5.0 (Windows NT 10.0; WOW64) AppleWebKit/537.36 (KHTML, like Gecko) coc_coc_browser/85.0.134 Chrome/79.0.3945.134 Safari/537.36"
::1 - - [07/Apr/2020:14:09:31 +0700] "GET /favicon.ico HTTP/1.1" 200 30894 "http://localhost/thuc_hanh_week1/loc_danh_sach/" "Mozilla/5.0 (Windows NT 10.0; WOW64) AppleWebKit/537.36 (KHTML, like Gecko) coc_coc_browser/85.0.134 Chrome/79.0.3945.134 Safari/537.36"
::1 - - [07/Apr/2020:14:09:57 +0700] "POST /thuc_hanh_week1/loc_danh_sach/ HTTP/1.1" 200 2430 "http://localhost/thuc_hanh_week1/loc_danh_sach/" "Mozilla/5.0 (Windows NT 10.0; WOW64) AppleWebKit/537.36 (KHTML, like Gecko) coc_coc_browser/85.0.134 Chrome/79.0.3945.134 Safari/537.36"
::1 - - [07/Apr/2020:14:09:57 +0700] "GET /favicon.ico HTTP/1.1" 200 30894 "http://localhost/thuc_hanh_week1/loc_danh_sach/" "Mozilla/5.0 (Windows NT 10.0; WOW64) AppleWebKit/537.36 (KHTML, like Gecko) coc_coc_browser/85.0.134 Chrome/79.0.3945.134 Safari/537.36"
::1 - - [07/Apr/2020:14:10:10 +0700] "POST /thuc_hanh_week1/loc_danh_sach/ HTTP/1.1" 200 1082 "http://localhost/thuc_hanh_week1/loc_danh_sach/" "Mozilla/5.0 (Windows NT 10.0; WOW64) AppleWebKit/537.36 (KHTML, like Gecko) coc_coc_browser/85.0.134 Chrome/79.0.3945.134 Safari/537.36"
::1 - - [07/Apr/2020:14:10:20 +0700] "POST /thuc_hanh_week1/loc_danh_sach/ HTTP/1.1" 200 1073 "http://localhost/thuc_hanh_week1/loc_danh_sach/" "Mozilla/5.0 (Windows NT 10.0; WOW64) AppleWebKit/537.36 (KHTML, like Gecko) coc_coc_browser/85.0.134 Chrome/79.0.3945.134 Safari/537.36"
::1 - - [07/Apr/2020:14:10:24 +0700] "POST /thuc_hanh_week1/loc_danh_sach/ HTTP/1.1" 200 2430 "http://localhost/thuc_hanh_week1/loc_danh_sach/" "Mozilla/5.0 (Windows NT 10.0; WOW64) AppleWebKit/537.36 (KHTML, like Gecko) coc_coc_browser/85.0.134 Chrome/79.0.3945.134 Safari/537.36"
::1 - - [07/Apr/2020:14:10:36 +0700] "POST /thuc_hanh_week1/loc_danh_sach/ HTTP/1.1" 200 2146 "http://localhost/thuc_hanh_week1/loc_danh_sach/" "Mozilla/5.0 (Windows NT 10.0; WOW64) AppleWebKit/537.36 (KHTML, like Gecko) coc_coc_browser/85.0.134 Chrome/79.0.3945.134 Safari/537.36"
::1 - - [07/Apr/2020:14:11:14 +0700] "POST /thuc_hanh_week1/loc_danh_sach/ HTTP/1.1" 200 2146 "http://localhost/thuc_hanh_week1/loc_danh_sach/" "Mozilla/5.0 (Windows NT 10.0; WOW64) AppleWebKit/537.36 (KHTML, like Gecko) coc_coc_browser/85.0.134 Chrome/79.0.3945.134 Safari/537.36"
::1 - - [07/Apr/2020:14:11:14 +0700] "GET /favicon.ico HTTP/1.1" 200 30894 "http://localhost/thuc_hanh_week1/loc_danh_sach/" "Mozilla/5.0 (Windows NT 10.0; WOW64) AppleWebKit/537.36 (KHTML, like Gecko) coc_coc_browser/85.0.134 Chrome/79.0.3945.134 Safari/537.36"
::1 - - [07/Apr/2020:14:11:20 +0700] "POST /thuc_hanh_week1/loc_danh_sach/ HTTP/1.1" 200 2430 "http://localhost/thuc_hanh_week1/loc_danh_sach/" "Mozilla/5.0 (Windows NT 10.0; WOW64) AppleWebKit/537.36 (KHTML, like Gecko) coc_coc_browser/85.0.134 Chrome/79.0.3945.134 Safari/537.36"
::1 - - [07/Apr/2020:14:20:03 +0700] "GET /thuc_hanh_week1/tao_layout HTTP/1.1" 301 352 "-" "Mozilla/5.0 (Windows NT 10.0; WOW64) AppleWebKit/537.36 (KHTML, like Gecko) coc_coc_browser/85.0.134 Chrome/79.0.3945.134 Safari/537.36"
::1 - - [07/Apr/2020:14:20:03 +0700] "GET /thuc_hanh_week1/tao_layout/ HTTP/1.1" 200 1099 "-" "Mozilla/5.0 (Windows NT 10.0; WOW64) AppleWebKit/537.36 (KHTML, like Gecko) coc_coc_browser/85.0.134 Chrome/79.0.3945.134 Safari/537.36"
::1 - - [07/Apr/2020:14:20:03 +0700] "GET /thuc_hanh_week1/tao_layout/style.css HTTP/1.1" 200 509 "http://localhost/thuc_hanh_week1/tao_layout/" "Mozilla/5.0 (Windows NT 10.0; WOW64) AppleWebKit/537.36 (KHTML, like Gecko) coc_coc_browser/85.0.134 Chrome/79.0.3945.134 Safari/537.36"
::1 - - [07/Apr/2020:14:21:22 +0700] "GET /thuc_hanh_week1/tao_layout/ HTTP/1.1" 200 1122 "-" "Mozilla/5.0 (Windows NT 10.0; WOW64) AppleWebKit/537.36 (KHTML, like Gecko) coc_coc_browser/85.0.134 Chrome/79.0.3945.134 Safari/537.36"
::1 - - [07/Apr/2020:14:21:22 +0700] "GET /thuc_hanh_week1/tao_layout/style.css HTTP/1.1" 304 - "http://localhost/thuc_hanh_week1/tao_layout/" "Mozilla/5.0 (Windows NT 10.0; WOW64) AppleWebKit/537.36 (KHTML, like Gecko) coc_coc_browser/85.0.134 Chrome/79.0.3945.134 Safari/537.36"
::1 - - [07/Apr/2020:14:21:22 +0700] "GET /favicon.ico HTTP/1.1" 200 30894 "http://localhost/thuc_hanh_week1/tao_layout/" "Mozilla/5.0 (Windows NT 10.0; WOW64) AppleWebKit/537.36 (KHTML, like Gecko) coc_coc_browser/85.0.134 Chrome/79.0.3945.134 Safari/537.36"
