[Tue Mar 31 15:59:02.255866 2020] [ssl:warn] [pid 4672:tid 596] AH01909: www.example.com:443:0 server certificate does NOT include an ID which matches the server name
[Tue Mar 31 15:59:02.279801 2020] [ssl:warn] [pid 4672:tid 596] AH01909: www.example.com:443:0 server certificate does NOT include an ID which matches the server name
[Tue Mar 31 15:59:02.305732 2020] [mpm_winnt:notice] [pid 4672:tid 596] AH00455: Apache/2.4.41 (Win64) OpenSSL/1.1.1c PHP/7.2.28 configured -- resuming normal operations
[Tue Mar 31 15:59:02.305732 2020] [mpm_winnt:notice] [pid 4672:tid 596] AH00456: Apache Lounge VC15 Server built: Aug 11 2019 12:20:04
[Tue Mar 31 15:59:02.305732 2020] [core:notice] [pid 4672:tid 596] AH00094: Command line: 'C:\\xampp\\apache\\bin\\httpd.exe -d C:/xampp/apache'
[Tue Mar 31 15:59:02.307736 2020] [mpm_winnt:notice] [pid 4672:tid 596] AH00418: Parent: Created child process 3312
[Tue Mar 31 15:59:02.555065 2020] [ssl:warn] [pid 3312:tid 644] AH01909: www.example.com:443:0 server certificate does NOT include an ID which matches the server name
[Tue Mar 31 15:59:02.577006 2020] [ssl:warn] [pid 3312:tid 644] AH01909: www.example.com:443:0 server certificate does NOT include an ID which matches the server name
[Tue Mar 31 15:59:02.595955 2020] [mpm_winnt:notice] [pid 3312:tid 644] AH00354: Child: Starting 150 worker threads.
[Wed Apr 01 09:00:48.493253 2020] [ssl:warn] [pid 9052:tid 532] AH01909: www.example.com:443:0 server certificate does NOT include an ID which matches the server name
[Wed Apr 01 09:00:48.559585 2020] [ssl:warn] [pid 9052:tid 532] AH01909: www.example.com:443:0 server certificate does NOT include an ID which matches the server name
[Wed Apr 01 09:00:48.760114 2020] [mpm_winnt:notice] [pid 9052:tid 532] AH00455: Apache/2.4.41 (Win64) OpenSSL/1.1.1c PHP/7.2.28 configured -- resuming normal operations
[Wed Apr 01 09:00:48.760114 2020] [mpm_winnt:notice] [pid 9052:tid 532] AH00456: Apache Lounge VC15 Server built: Aug 11 2019 12:20:04
[Wed Apr 01 09:00:48.760114 2020] [core:notice] [pid 9052:tid 532] AH00094: Command line: 'C:\\xampp\\xampp\\apache\\bin\\httpd.exe -d C:/xampp/xampp/apache'
[Wed Apr 01 09:00:48.764103 2020] [mpm_winnt:notice] [pid 9052:tid 532] AH00418: Parent: Created child process 2944
[Wed Apr 01 09:00:49.639624 2020] [ssl:warn] [pid 2944:tid 536] AH01909: www.example.com:443:0 server certificate does NOT include an ID which matches the server name
[Wed Apr 01 09:00:49.674451 2020] [ssl:warn] [pid 2944:tid 536] AH01909: www.example.com:443:0 server certificate does NOT include an ID which matches the server name
[Wed Apr 01 09:00:49.706407 2020] [mpm_winnt:notice] [pid 2944:tid 536] AH00354: Child: Starting 150 worker threads.
[Thu Apr 02 17:29:36.712884 2020] [ssl:warn] [pid 7972:tid 628] AH01909: www.example.com:443:0 server certificate does NOT include an ID which matches the server name
[Thu Apr 02 17:29:36.745798 2020] [core:warn] [pid 7972:tid 628] AH00098: pid file C:/xampp/apache/logs/httpd.pid overwritten -- Unclean shutdown of previous Apache run?
[Thu Apr 02 17:29:36.750785 2020] [ssl:warn] [pid 7972:tid 628] AH01909: www.example.com:443:0 server certificate does NOT include an ID which matches the server name
[Thu Apr 02 17:29:36.978212 2020] [mpm_winnt:notice] [pid 7972:tid 628] AH00455: Apache/2.4.41 (Win64) OpenSSL/1.1.1c PHP/7.2.28 configured -- resuming normal operations
[Thu Apr 02 17:29:36.978212 2020] [mpm_winnt:notice] [pid 7972:tid 628] AH00456: Apache Lounge VC15 Server built: Aug 11 2019 12:20:04
[Thu Apr 02 17:29:36.978212 2020] [core:notice] [pid 7972:tid 628] AH00094: Command line: 'c:\\xampp\\apache\\bin\\httpd.exe -d C:/xampp/apache'
[Thu Apr 02 17:29:36.980207 2020] [mpm_winnt:notice] [pid 7972:tid 628] AH00418: Parent: Created child process 1892
[Thu Apr 02 17:29:37.310339 2020] [ssl:warn] [pid 1892:tid 628] AH01909: www.example.com:443:0 server certificate does NOT include an ID which matches the server name
[Thu Apr 02 17:29:37.344249 2020] [ssl:warn] [pid 1892:tid 628] AH01909: www.example.com:443:0 server certificate does NOT include an ID which matches the server name
[Thu Apr 02 17:29:37.364196 2020] [mpm_winnt:notice] [pid 1892:tid 628] AH00354: Child: Starting 150 worker threads.
[Sat Apr 04 22:42:40.242553 2020] [ssl:warn] [pid 8312:tid 640] AH01909: www.example.com:443:0 server certificate does NOT include an ID which matches the server name
[Sat Apr 04 22:42:40.272475 2020] [core:warn] [pid 8312:tid 640] AH00098: pid file C:/xampp/apache/logs/httpd.pid overwritten -- Unclean shutdown of previous Apache run?
[Sat Apr 04 22:42:40.277491 2020] [ssl:warn] [pid 8312:tid 640] AH01909: www.example.com:443:0 server certificate does NOT include an ID which matches the server name
[Sat Apr 04 22:42:40.505319 2020] [mpm_winnt:notice] [pid 8312:tid 640] AH00455: Apache/2.4.41 (Win64) OpenSSL/1.1.1c PHP/7.2.28 configured -- resuming normal operations
[Sat Apr 04 22:42:40.505319 2020] [mpm_winnt:notice] [pid 8312:tid 640] AH00456: Apache Lounge VC15 Server built: Aug 11 2019 12:20:04
[Sat Apr 04 22:42:40.505319 2020] [core:notice] [pid 8312:tid 640] AH00094: Command line: 'c:\\xampp\\apache\\bin\\httpd.exe -d C:/xampp/apache'
[Sat Apr 04 22:42:40.507301 2020] [mpm_winnt:notice] [pid 8312:tid 640] AH00418: Parent: Created child process 13504
[Sat Apr 04 22:42:40.848412 2020] [ssl:warn] [pid 13504:tid 628] AH01909: www.example.com:443:0 server certificate does NOT include an ID which matches the server name
[Sat Apr 04 22:42:40.877289 2020] [ssl:warn] [pid 13504:tid 628] AH01909: www.example.com:443:0 server certificate does NOT include an ID which matches the server name
[Sat Apr 04 22:42:40.896237 2020] [mpm_winnt:notice] [pid 13504:tid 628] AH00354: Child: Starting 150 worker threads.
[Sun Apr 05 23:47:39.487090 2020] [php7:notice] [pid 13504:tid 1880] [client ::1:61166] PHP Notice:  Undefined index: search in C:\\xampp\\htdocs\\thuc_hanh_week1\\tu_dien_don_gian\\index.php on line 38, referer: http://localhost/thuc_hanh_week1/tu_dien_don_gian/?search=
[Mon Apr 06 02:51:03.529148 2020] [php7:notice] [pid 13504:tid 1896] [client ::1:62554] PHP Notice:  Undefined index: operation in C:\\xampp\\htdocs\\bai_tap_week1\\calculator\\index.php on line 19, referer: http://localhost/bai_tap_week1/calculator/
[Mon Apr 06 02:55:56.629034 2020] [php7:notice] [pid 13504:tid 1880] [client ::1:62566] PHP Notice:  Undefined variable: result in C:\\xampp\\htdocs\\bai_tap_week1\\calculator\\index.php on line 34, referer: http://localhost/bai_tap_week1/calculator/
[Mon Apr 06 02:55:57.664266 2020] [php7:notice] [pid 13504:tid 1880] [client ::1:62566] PHP Notice:  Undefined variable: result in C:\\xampp\\htdocs\\bai_tap_week1\\calculator\\index.php on line 34, referer: http://localhost/bai_tap_week1/calculator/
[Mon Apr 06 02:55:57.882679 2020] [php7:notice] [pid 13504:tid 1880] [client ::1:62566] PHP Notice:  Undefined variable: result in C:\\xampp\\htdocs\\bai_tap_week1\\calculator\\index.php on line 34, referer: http://localhost/bai_tap_week1/calculator/
[Mon Apr 06 02:55:58.077159 2020] [php7:notice] [pid 13504:tid 1880] [client ::1:62566] PHP Notice:  Undefined variable: result in C:\\xampp\\htdocs\\bai_tap_week1\\calculator\\index.php on line 34, referer: http://localhost/bai_tap_week1/calculator/
[Mon Apr 06 02:55:58.273633 2020] [php7:notice] [pid 13504:tid 1880] [client ::1:62566] PHP Notice:  Undefined variable: result in C:\\xampp\\htdocs\\bai_tap_week1\\calculator\\index.php on line 34, referer: http://localhost/bai_tap_week1/calculator/
[Mon Apr 06 02:55:58.472106 2020] [php7:notice] [pid 13504:tid 1880] [client ::1:62566] PHP Notice:  Undefined variable: result in C:\\xampp\\htdocs\\bai_tap_week1\\calculator\\index.php on line 34, referer: http://localhost/bai_tap_week1/calculator/
[Mon Apr 06 02:56:58.602421 2020] [php7:notice] [pid 13504:tid 1896] [client ::1:62570] PHP Notice:  Undefined variable: result in C:\\xampp\\htdocs\\bai_tap_week1\\calculator\\index.php on line 34, referer: http://localhost/bai_tap_week1/calculator/
[Mon Apr 06 02:57:26.327434 2020] [php7:notice] [pid 13504:tid 1880] [client ::1:62572] PHP Notice:  Undefined variable: result in C:\\xampp\\htdocs\\bai_tap_week1\\calculator\\index.php on line 34, referer: http://localhost/bai_tap_week1/calculator/
[Mon Apr 06 02:57:30.890219 2020] [php7:notice] [pid 13504:tid 1880] [client ::1:62572] PHP Notice:  Undefined variable: result in C:\\xampp\\htdocs\\bai_tap_week1\\calculator\\index.php on line 34, referer: http://localhost/bai_tap_week1/calculator/
[Mon Apr 06 02:57:31.495599 2020] [php7:notice] [pid 13504:tid 1880] [client ::1:62572] PHP Notice:  Undefined variable: result in C:\\xampp\\htdocs\\bai_tap_week1\\calculator\\index.php on line 34, referer: http://localhost/bai_tap_week1/calculator/
[Mon Apr 06 02:57:31.822725 2020] [php7:notice] [pid 13504:tid 1880] [client ::1:62572] PHP Notice:  Undefined variable: result in C:\\xampp\\htdocs\\bai_tap_week1\\calculator\\index.php on line 34, referer: http://localhost/bai_tap_week1/calculator/
[Mon Apr 06 03:00:42.722217 2020] [php7:notice] [pid 13504:tid 1896] [client ::1:62578] PHP Notice:  Undefined variable: result in C:\\xampp\\htdocs\\bai_tap_week1\\calculator\\index.php on line 27, referer: http://localhost/bai_tap_week1/calculator/
[Mon Apr 06 03:04:39.108912 2020] [php7:notice] [pid 13504:tid 1880] [client ::1:62599] PHP Notice:  Undefined variable: result in C:\\xampp\\htdocs\\bai_tap_week1\\calculator\\index.php on line 28, referer: http://localhost/bai_tap_week1/calculator/
[Mon Apr 06 03:05:13.369548 2020] [php7:notice] [pid 13504:tid 1896] [client ::1:62602] PHP Notice:  Undefined variable: result in C:\\xampp\\htdocs\\bai_tap_week1\\calculator\\index.php on line 28, referer: http://localhost/bai_tap_week1/calculator/
[Mon Apr 06 03:12:13.719349 2020] [php7:notice] [pid 13504:tid 1880] [client ::1:62654] PHP Notice:  Undefined index: firstNumber in C:\\xampp\\htdocs\\bai_tap_week1\\calculator\\index.php on line 41, referer: http://localhost/bai_tap_week1/calculator/
[Mon Apr 06 03:12:13.719349 2020] [php7:notice] [pid 13504:tid 1880] [client ::1:62654] PHP Notice:  Undefined index: secondNumber in C:\\xampp\\htdocs\\bai_tap_week1\\calculator\\index.php on line 42, referer: http://localhost/bai_tap_week1/calculator/
[Mon Apr 06 03:12:13.720302 2020] [php7:notice] [pid 13504:tid 1880] [client ::1:62654] PHP Notice:  Undefined index: calculation in C:\\xampp\\htdocs\\bai_tap_week1\\calculator\\index.php on line 43, referer: http://localhost/bai_tap_week1/calculator/
[Mon Apr 06 03:14:32.378046 2020] [php7:notice] [pid 13504:tid 1896] [client ::1:62666] PHP Notice:  Undefined index: firstNumber in C:\\xampp\\htdocs\\bai_tap_week1\\calculator\\index.php on line 40, referer: http://localhost/bai_tap_week1/calculator/
[Mon Apr 06 03:14:32.378046 2020] [php7:notice] [pid 13504:tid 1896] [client ::1:62666] PHP Notice:  Undefined index: secondNumber in C:\\xampp\\htdocs\\bai_tap_week1\\calculator\\index.php on line 41, referer: http://localhost/bai_tap_week1/calculator/
[Mon Apr 06 03:14:32.378046 2020] [php7:notice] [pid 13504:tid 1896] [client ::1:62666] PHP Notice:  Undefined index: calculation in C:\\xampp\\htdocs\\bai_tap_week1\\calculator\\index.php on line 42, referer: http://localhost/bai_tap_week1/calculator/
[Mon Apr 06 03:15:55.599690 2020] [php7:notice] [pid 13504:tid 1880] [client ::1:62672] PHP Notice:  Undefined variable: result in C:\\xampp\\htdocs\\bai_tap_week1\\calculator\\index.php on line 36, referer: http://localhost/bai_tap_week1/calculator/
[Mon Apr 06 03:16:42.571087 2020] [php7:notice] [pid 13504:tid 1896] [client ::1:62676] PHP Notice:  Undefined variable: result in C:\\xampp\\htdocs\\bai_tap_week1\\calculator\\index.php on line 36, referer: http://localhost/bai_tap_week1/calculator/
[Mon Apr 06 03:16:50.149170 2020] [php7:notice] [pid 13504:tid 1880] [client ::1:62677] PHP Notice:  Undefined variable: result in C:\\xampp\\htdocs\\bai_tap_week1\\calculator\\index.php on line 36, referer: http://localhost/bai_tap_week1/calculator/
[Mon Apr 06 03:16:51.039218 2020] [php7:notice] [pid 13504:tid 1880] [client ::1:62677] PHP Notice:  Undefined variable: result in C:\\xampp\\htdocs\\bai_tap_week1\\calculator\\index.php on line 36, referer: http://localhost/bai_tap_week1/calculator/
[Mon Apr 06 03:16:51.041220 2020] [php7:warn] [pid 13504:tid 1880] [client ::1:62677] PHP Warning:  A non-numeric value encountered in C:\\xampp\\htdocs\\bai_tap_week1\\calculator\\index.php on line 49, referer: http://localhost/bai_tap_week1/calculator/
[Mon Apr 06 03:16:51.041220 2020] [php7:warn] [pid 13504:tid 1880] [client ::1:62677] PHP Warning:  A non-numeric value encountered in C:\\xampp\\htdocs\\bai_tap_week1\\calculator\\index.php on line 49, referer: http://localhost/bai_tap_week1/calculator/
[Mon Apr 06 03:16:51.210760 2020] [php7:notice] [pid 13504:tid 1880] [client ::1:62677] PHP Notice:  Undefined variable: result in C:\\xampp\\htdocs\\bai_tap_week1\\calculator\\index.php on line 36, referer: http://localhost/bai_tap_week1/calculator/
[Mon Apr 06 03:16:51.210760 2020] [php7:warn] [pid 13504:tid 1880] [client ::1:62677] PHP Warning:  A non-numeric value encountered in C:\\xampp\\htdocs\\bai_tap_week1\\calculator\\index.php on line 49, referer: http://localhost/bai_tap_week1/calculator/
[Mon Apr 06 03:16:51.210760 2020] [php7:warn] [pid 13504:tid 1880] [client ::1:62677] PHP Warning:  A non-numeric value encountered in C:\\xampp\\htdocs\\bai_tap_week1\\calculator\\index.php on line 49, referer: http://localhost/bai_tap_week1/calculator/
[Mon Apr 06 03:16:51.395270 2020] [php7:notice] [pid 13504:tid 1880] [client ::1:62677] PHP Notice:  Undefined variable: result in C:\\xampp\\htdocs\\bai_tap_week1\\calculator\\index.php on line 36, referer: http://localhost/bai_tap_week1/calculator/
[Mon Apr 06 03:16:51.395270 2020] [php7:warn] [pid 13504:tid 1880] [client ::1:62677] PHP Warning:  A non-numeric value encountered in C:\\xampp\\htdocs\\bai_tap_week1\\calculator\\index.php on line 49, referer: http://localhost/bai_tap_week1/calculator/
[Mon Apr 06 03:16:51.396264 2020] [php7:warn] [pid 13504:tid 1880] [client ::1:62677] PHP Warning:  A non-numeric value encountered in C:\\xampp\\htdocs\\bai_tap_week1\\calculator\\index.php on line 49, referer: http://localhost/bai_tap_week1/calculator/
[Mon Apr 06 03:16:51.608697 2020] [php7:notice] [pid 13504:tid 1880] [client ::1:62677] PHP Notice:  Undefined variable: result in C:\\xampp\\htdocs\\bai_tap_week1\\calculator\\index.php on line 36, referer: http://localhost/bai_tap_week1/calculator/
[Mon Apr 06 03:16:51.608697 2020] [php7:warn] [pid 13504:tid 1880] [client ::1:62677] PHP Warning:  A non-numeric value encountered in C:\\xampp\\htdocs\\bai_tap_week1\\calculator\\index.php on line 49, referer: http://localhost/bai_tap_week1/calculator/
[Mon Apr 06 03:16:51.609696 2020] [php7:warn] [pid 13504:tid 1880] [client ::1:62677] PHP Warning:  A non-numeric value encountered in C:\\xampp\\htdocs\\bai_tap_week1\\calculator\\index.php on line 49, referer: http://localhost/bai_tap_week1/calculator/
[Mon Apr 06 03:16:56.162518 2020] [php7:notice] [pid 13504:tid 1880] [client ::1:62677] PHP Notice:  Undefined variable: result in C:\\xampp\\htdocs\\bai_tap_week1\\calculator\\index.php on line 36, referer: http://localhost/bai_tap_week1/calculator/
[Tue Apr 07 14:08:49.670969 2020] [php7:notice] [pid 13504:tid 1856] [client ::1:58512] PHP Notice:  Undefined index: day_of_birth in C:\\xampp\\htdocs\\thuc_hanh_week1\\loc_danh_sach\\index.php on line 92, referer: http://localhost/thuc_hanh_week1/loc_danh_sach/
[Tue Apr 07 14:08:49.671967 2020] [php7:notice] [pid 13504:tid 1856] [client ::1:58512] PHP Notice:  Undefined index: day_of_birth in C:\\xampp\\htdocs\\thuc_hanh_week1\\loc_danh_sach\\index.php on line 92, referer: http://localhost/thuc_hanh_week1/loc_danh_sach/
[Tue Apr 07 14:08:49.671967 2020] [php7:notice] [pid 13504:tid 1856] [client ::1:58512] PHP Notice:  Undefined index: day_of_birth in C:\\xampp\\htdocs\\thuc_hanh_week1\\loc_danh_sach\\index.php on line 92, referer: http://localhost/thuc_hanh_week1/loc_danh_sach/
[Tue Apr 07 14:08:49.671967 2020] [php7:notice] [pid 13504:tid 1856] [client ::1:58512] PHP Notice:  Undefined index: day_of_birth in C:\\xampp\\htdocs\\thuc_hanh_week1\\loc_danh_sach\\index.php on line 92, referer: http://localhost/thuc_hanh_week1/loc_danh_sach/
[Tue Apr 07 14:08:49.671967 2020] [php7:notice] [pid 13504:tid 1856] [client ::1:58512] PHP Notice:  Undefined index: day_of_birth in C:\\xampp\\htdocs\\thuc_hanh_week1\\loc_danh_sach\\index.php on line 92, referer: http://localhost/thuc_hanh_week1/loc_danh_sach/
[Tue Apr 07 14:09:31.579611 2020] [php7:notice] [pid 13504:tid 1860] [client ::1:58515] PHP Notice:  Undefined index: day_of_birth in C:\\xampp\\htdocs\\thuc_hanh_week1\\loc_danh_sach\\index.php on line 92, referer: http://localhost/thuc_hanh_week1/loc_danh_sach/
[Tue Apr 07 14:09:31.580575 2020] [php7:notice] [pid 13504:tid 1860] [client ::1:58515] PHP Notice:  Undefined index: day_of_birth in C:\\xampp\\htdocs\\thuc_hanh_week1\\loc_danh_sach\\index.php on line 92, referer: http://localhost/thuc_hanh_week1/loc_danh_sach/
[Tue Apr 07 14:09:31.580575 2020] [php7:notice] [pid 13504:tid 1860] [client ::1:58515] PHP Notice:  Undefined index: day_of_birth in C:\\xampp\\htdocs\\thuc_hanh_week1\\loc_danh_sach\\index.php on line 92, referer: http://localhost/thuc_hanh_week1/loc_danh_sach/
[Tue Apr 07 14:09:31.580575 2020] [php7:notice] [pid 13504:tid 1860] [client ::1:58515] PHP Notice:  Undefined index: day_of_birth in C:\\xampp\\htdocs\\thuc_hanh_week1\\loc_danh_sach\\index.php on line 92, referer: http://localhost/thuc_hanh_week1/loc_danh_sach/
[Tue Apr 07 14:09:31.580575 2020] [php7:notice] [pid 13504:tid 1860] [client ::1:58515] PHP Notice:  Undefined index: day_of_birth in C:\\xampp\\htdocs\\thuc_hanh_week1\\loc_danh_sach\\index.php on line 92, referer: http://localhost/thuc_hanh_week1/loc_danh_sach/
